#-----------------------------------------------------------
# Vivado v2017.4 (64-bit)
# SW Build 2086221 on Fri Dec 15 20:55:39 MST 2017
# IP Build 2085800 on Fri Dec 15 22:25:07 MST 2017
# Start of session at: Wed Dec 25 10:30:19 2024
# Process ID: 19992
# Current directory: E:/private/GitHub/CPU_for_Basys3/multi_period-CPU
# Command line: vivado.exe -gui_launcher_event rodinguilauncherevent4620 E:\private\GitHub\CPU_for_Basys3\multi_period-CPU\multi_period-CPU.xpr
# Log file: E:/private/GitHub/CPU_for_Basys3/multi_period-CPU/vivado.log
# Journal file: E:/private/GitHub/CPU_for_Basys3/multi_period-CPU\vivado.jou
#-----------------------------------------------------------
start_gui
open_project E:/private/GitHub/CPU_for_Basys3/multi_period-CPU/multi_period-CPU.xpr
Scanning sources...
Finished scanning sources
INFO: [IP_Flow 19-234] Refreshing IP repositories
INFO: [IP_Flow 19-1704] No user IP repositories specified
INFO: [IP_Flow 19-2313] Loaded Vivado IP repository 'E:/Vivado_2017.4/Vivado/2017.4/data/ip'.
open_project: Time (s): cpu = 00:00:03 ; elapsed = 00:00:05 . Memory (MB): peak = 786.164 ; gain = 26.359
update_compile_order -fileset sources_1
launch_simulation
INFO: [Vivado 12-5682] Launching behavioral simulation in 'E:/private/GitHub/CPU_for_Basys3/multi_period-CPU/multi_period-CPU.sim/sim_1/behav/xsim'
INFO: [SIM-utils-51] Simulation object is 'sim_1'
INFO: [SIM-utils-54] Inspecting design source files for 'CPU_sim' in fileset 'sim_1'...
INFO: [USF-XSim-97] Finding global include files...
INFO: [USF-XSim-98] Fetching design files from 'sim_1'...
INFO: [USF-XSim-2] XSim::Compile design
INFO: [USF-XSim-61] Executing 'COMPILE and ANALYZE' step in 'E:/private/GitHub/CPU_for_Basys3/multi_period-CPU/multi_period-CPU.sim/sim_1/behav/xsim'
"xvlog --incr --relax -prj CPU_sim_vlog.prj"
INFO: [VRFC 10-2263] Analyzing Verilog file "E:/private/GitHub/CPU_for_Basys3/multi_period-CPU/multi_period-CPU.srcs/sources_1/new/ALU.v" into library xil_defaultlib
INFO: [VRFC 10-311] analyzing module ALU
INFO: [VRFC 10-2263] Analyzing Verilog file "E:/private/GitHub/CPU_for_Basys3/multi_period-CPU/multi_period-CPU.srcs/sources_1/new/Adder.v" into library xil_defaultlib
INFO: [VRFC 10-311] analyzing module Adder
INFO: [VRFC 10-2263] Analyzing Verilog file "E:/private/GitHub/CPU_for_Basys3/multi_period-CPU/multi_period-CPU.srcs/sources_1/new/CLOCK_DIV.v" into library xil_defaultlib
INFO: [VRFC 10-311] analyzing module CLOCK_DIV
INFO: [VRFC 10-2263] Analyzing Verilog file "E:/private/GitHub/CPU_for_Basys3/multi_period-CPU/multi_period-CPU.srcs/sources_1/new/CPU.v" into library xil_defaultlib
INFO: [VRFC 10-311] analyzing module CPU
INFO: [VRFC 10-2263] Analyzing Verilog file "E:/private/GitHub/CPU_for_Basys3/multi_period-CPU/multi_period-CPU.srcs/sources_1/new/CU.v" into library xil_defaultlib
INFO: [VRFC 10-311] analyzing module CU
INFO: [VRFC 10-2263] Analyzing Verilog file "E:/private/GitHub/CPU_for_Basys3/multi_period-CPU/multi_period-CPU.srcs/sources_1/new/DFF.v" into library xil_defaultlib
INFO: [VRFC 10-311] analyzing module DFF
INFO: [VRFC 10-2263] Analyzing Verilog file "E:/private/GitHub/CPU_for_Basys3/multi_period-CPU/multi_period-CPU.srcs/sources_1/new/DFF_FOR_CU.v" into library xil_defaultlib
INFO: [VRFC 10-311] analyzing module DFF_FOR_CU
INFO: [VRFC 10-2263] Analyzing Verilog file "E:/private/GitHub/CPU_for_Basys3/multi_period-CPU/multi_period-CPU.srcs/sources_1/new/DM.v" into library xil_defaultlib
INFO: [VRFC 10-311] analyzing module DM
INFO: [VRFC 10-2263] Analyzing Verilog file "E:/private/GitHub/CPU_for_Basys3/multi_period-CPU/multi_period-CPU.srcs/sources_1/new/EXT.v" into library xil_defaultlib
INFO: [VRFC 10-311] analyzing module EXT
INFO: [VRFC 10-2263] Analyzing Verilog file "E:/private/GitHub/CPU_for_Basys3/multi_period-CPU/multi_period-CPU.srcs/sources_1/new/FOUR_TO_7SEG.v" into library xil_defaultlib
INFO: [VRFC 10-311] analyzing module FOUR_TO_7SEG
INFO: [VRFC 10-2263] Analyzing Verilog file "E:/private/GitHub/CPU_for_Basys3/multi_period-CPU/multi_period-CPU.srcs/sources_1/new/IM.v" into library xil_defaultlib
INFO: [VRFC 10-311] analyzing module IM
INFO: [VRFC 10-2263] Analyzing Verilog file "E:/private/GitHub/CPU_for_Basys3/multi_period-CPU/multi_period-CPU.srcs/sources_1/new/MUX_1bit_32.v" into library xil_defaultlib
INFO: [VRFC 10-311] analyzing module MUX_1bit_32
INFO: [VRFC 10-2263] Analyzing Verilog file "E:/private/GitHub/CPU_for_Basys3/multi_period-CPU/multi_period-CPU.srcs/sources_1/new/MUX_2bits_32.v" into library xil_defaultlib
INFO: [VRFC 10-311] analyzing module MUX_2bits_32
INFO: [VRFC 10-2263] Analyzing Verilog file "E:/private/GitHub/CPU_for_Basys3/multi_period-CPU/multi_period-CPU.srcs/sources_1/new/MUX_2bits_5.v" into library xil_defaultlib
INFO: [VRFC 10-311] analyzing module MUX_2bits_5
INFO: [VRFC 10-2263] Analyzing Verilog file "E:/private/GitHub/CPU_for_Basys3/multi_period-CPU/multi_period-CPU.srcs/sources_1/new/PC.v" into library xil_defaultlib
INFO: [VRFC 10-311] analyzing module PC
INFO: [VRFC 10-2263] Analyzing Verilog file "E:/private/GitHub/CPU_for_Basys3/multi_period-CPU/multi_period-CPU.srcs/sources_1/new/RF.v" into library xil_defaultlib
INFO: [VRFC 10-311] analyzing module RF
INFO: [VRFC 10-2263] Analyzing Verilog file "E:/private/GitHub/CPU_for_Basys3/multi_period-CPU/multi_period-CPU.srcs/sim_1/new/CPU_sim.v" into library xil_defaultlib
INFO: [VRFC 10-311] analyzing module CPU_sim
INFO: [USF-XSim-69] 'compile' step finished in '4' seconds
INFO: [USF-XSim-3] XSim::Elaborate design
INFO: [USF-XSim-61] Executing 'ELABORATE' step in 'E:/private/GitHub/CPU_for_Basys3/multi_period-CPU/multi_period-CPU.sim/sim_1/behav/xsim'
Vivado Simulator 2017.4
Copyright 1986-1999, 2001-2016 Xilinx, Inc. All Rights Reserved.
Running: E:/Vivado_2017.4/Vivado/2017.4/bin/unwrapped/win64.o/xelab.exe -wto 08e4ebf56723422a933c2cde68228a46 --incr --debug typical --relax --mt 2 -L xil_defaultlib -L unisims_ver -L unimacro_ver -L secureip --snapshot CPU_sim_behav xil_defaultlib.CPU_sim xil_defaultlib.glbl -log elaborate.log 
Using 2 slave threads.
Starting static elaboration
WARNING: [VRFC 10-278] actual bit length 32 differs from formal bit length 5 for port ZERO [E:/private/GitHub/CPU_for_Basys3/multi_period-CPU/multi_period-CPU.srcs/sources_1/new/CPU.v:142]
WARNING: [VRFC 10-278] actual bit length 32 differs from formal bit length 1 for port EN [E:/private/GitHub/CPU_for_Basys3/multi_period-CPU/multi_period-CPU.srcs/sources_1/new/CPU.v:145]
WARNING: [VRFC 10-278] actual bit length 32 differs from formal bit length 1 for port EN [E:/private/GitHub/CPU_for_Basys3/multi_period-CPU/multi_period-CPU.srcs/sources_1/new/CPU.v:146]
WARNING: [VRFC 10-278] actual bit length 32 differs from formal bit length 1 for port EN [E:/private/GitHub/CPU_for_Basys3/multi_period-CPU/multi_period-CPU.srcs/sources_1/new/CPU.v:153]
WARNING: [VRFC 10-278] actual bit length 32 differs from formal bit length 1 for port EN [E:/private/GitHub/CPU_for_Basys3/multi_period-CPU/multi_period-CPU.srcs/sources_1/new/CPU.v:157]
Completed static elaboration
Starting simulation data flow analysis
Completed simulation data flow analysis
Time Resolution for simulation is 1ps
Compiling module xil_defaultlib.CLOCK_DIV
Compiling module xil_defaultlib.PC
Compiling module xil_defaultlib.Adder
Compiling module xil_defaultlib.MUX_2bits_32
Compiling module xil_defaultlib.IM
Compiling module xil_defaultlib.DFF
Compiling module xil_defaultlib.MUX_2bits_5
Compiling module xil_defaultlib.MUX_1bit_32
Compiling module xil_defaultlib.RF
Compiling module xil_defaultlib.EXT
Compiling module xil_defaultlib.ALU
Compiling module xil_defaultlib.DM
Compiling module xil_defaultlib.DFF_FOR_CU
Compiling module xil_defaultlib.CU
Compiling module xil_defaultlib.FOUR_TO_7SEG
Compiling module xil_defaultlib.CPU
Compiling module xil_defaultlib.CPU_sim
Compiling module xil_defaultlib.glbl
Built simulation snapshot CPU_sim_behav

****** Webtalk v2017.4 (64-bit)
  **** SW Build 2086221 on Fri Dec 15 20:55:39 MST 2017
  **** IP Build 2085800 on Fri Dec 15 22:25:07 MST 2017
    ** Copyright 1986-2017 Xilinx, Inc. All Rights Reserved.

source E:/private/GitHub/CPU_for_Basys3/multi_period-CPU/multi_period-CPU.sim/sim_1/behav/xsim/xsim.dir/CPU_sim_behav/webtalk/xsim_webtalk.tcl -notrace
INFO: [Common 17-206] Exiting Webtalk at Wed Dec 25 10:41:34 2024...
run_program: Time (s): cpu = 00:00:00 ; elapsed = 00:00:13 . Memory (MB): peak = 855.602 ; gain = 0.000
INFO: [USF-XSim-69] 'elaborate' step finished in '13' seconds
INFO: [USF-XSim-4] XSim::Simulate design
INFO: [USF-XSim-61] Executing 'SIMULATE' step in 'E:/private/GitHub/CPU_for_Basys3/multi_period-CPU/multi_period-CPU.sim/sim_1/behav/xsim'
INFO: [USF-XSim-98] *** Running xsim
   with args "CPU_sim_behav -key {Behavioral:sim_1:Functional:CPU_sim} -tclbatch {CPU_sim.tcl} -log {simulate.log}"
INFO: [USF-XSim-8] Loading simulator feature
Vivado Simulator 2017.4
Time resolution is 1 ps
source CPU_sim.tcl
# set curr_wave [current_wave_config]
# if { [string length $curr_wave] == 0 } {
#   if { [llength [get_objects]] > 0} {
#     add_wave /
#     set_property needs_save false [current_wave_config]
#   } else {
#      send_msg_id Add_Wave-1 WARNING "No top level signals found. Simulator will start without a wave window. If you want to open a wave window go to 'File->New Waveform Configuration' or type 'create_wave_config' in the TCL console."
#   }
# }
# run 1000ns
INFO: [USF-XSim-96] XSim completed. Design snapshot 'CPU_sim_behav' loaded.
INFO: [USF-XSim-97] XSim simulation ran for 1000ns
launch_simulation: Time (s): cpu = 00:00:02 ; elapsed = 00:00:21 . Memory (MB): peak = 858.328 ; gain = 2.727
add_wave {{/CPU_sim/cpu/pc/NEXT_PC}} {{/CPU_sim/cpu/pc/WR_ENABLE}} {{/CPU_sim/cpu/pc/CURR_PC}} 
restart
INFO: [Simtcl 6-17] Simulation restarted
run 1 ms
add_wave {{/CPU_sim/cpu/alu/SIGN}} {{/CPU_sim/cpu/alu/ZERO}} {{/CPU_sim/cpu/alu/RESULT}} 
restart
INFO: [Simtcl 6-17] Simulation restarted
run 1 ms
add_wave {{/CPU_sim/cpu/alu/OP1}} {{/CPU_sim/cpu/alu/OP2}} {{/CPU_sim/cpu/alu/ALUop}} 
restart
INFO: [Simtcl 6-17] Simulation restarted
run 1 ms
close_sim
INFO: [Simtcl 6-16] Simulation closed
launch_simulation
INFO: [Vivado 12-5682] Launching behavioral simulation in 'E:/private/GitHub/CPU_for_Basys3/multi_period-CPU/multi_period-CPU.sim/sim_1/behav/xsim'
INFO: [SIM-utils-51] Simulation object is 'sim_1'
INFO: [SIM-utils-54] Inspecting design source files for 'CPU_sim' in fileset 'sim_1'...
INFO: [USF-XSim-97] Finding global include files...
INFO: [USF-XSim-98] Fetching design files from 'sim_1'...
INFO: [USF-XSim-2] XSim::Compile design
INFO: [USF-XSim-61] Executing 'COMPILE and ANALYZE' step in 'E:/private/GitHub/CPU_for_Basys3/multi_period-CPU/multi_period-CPU.sim/sim_1/behav/xsim'
"xvlog --incr --relax -prj CPU_sim_vlog.prj"
INFO: [VRFC 10-2263] Analyzing Verilog file "E:/private/GitHub/CPU_for_Basys3/multi_period-CPU/multi_period-CPU.srcs/sources_1/new/ALU.v" into library xil_defaultlib
INFO: [VRFC 10-311] analyzing module ALU
INFO: [VRFC 10-2263] Analyzing Verilog file "E:/private/GitHub/CPU_for_Basys3/multi_period-CPU/multi_period-CPU.srcs/sources_1/new/Adder.v" into library xil_defaultlib
INFO: [VRFC 10-311] analyzing module Adder
INFO: [VRFC 10-2263] Analyzing Verilog file "E:/private/GitHub/CPU_for_Basys3/multi_period-CPU/multi_period-CPU.srcs/sources_1/new/CLOCK_DIV.v" into library xil_defaultlib
INFO: [VRFC 10-311] analyzing module CLOCK_DIV
INFO: [VRFC 10-2263] Analyzing Verilog file "E:/private/GitHub/CPU_for_Basys3/multi_period-CPU/multi_period-CPU.srcs/sources_1/new/CPU.v" into library xil_defaultlib
INFO: [VRFC 10-311] analyzing module CPU
INFO: [VRFC 10-2263] Analyzing Verilog file "E:/private/GitHub/CPU_for_Basys3/multi_period-CPU/multi_period-CPU.srcs/sources_1/new/CU.v" into library xil_defaultlib
INFO: [VRFC 10-311] analyzing module CU
INFO: [VRFC 10-2263] Analyzing Verilog file "E:/private/GitHub/CPU_for_Basys3/multi_period-CPU/multi_period-CPU.srcs/sources_1/new/DFF.v" into library xil_defaultlib
INFO: [VRFC 10-311] analyzing module DFF
INFO: [VRFC 10-2263] Analyzing Verilog file "E:/private/GitHub/CPU_for_Basys3/multi_period-CPU/multi_period-CPU.srcs/sources_1/new/DFF_FOR_CU.v" into library xil_defaultlib
INFO: [VRFC 10-311] analyzing module DFF_FOR_CU
INFO: [VRFC 10-2263] Analyzing Verilog file "E:/private/GitHub/CPU_for_Basys3/multi_period-CPU/multi_period-CPU.srcs/sources_1/new/DM.v" into library xil_defaultlib
INFO: [VRFC 10-311] analyzing module DM
INFO: [VRFC 10-2263] Analyzing Verilog file "E:/private/GitHub/CPU_for_Basys3/multi_period-CPU/multi_period-CPU.srcs/sources_1/new/EXT.v" into library xil_defaultlib
INFO: [VRFC 10-311] analyzing module EXT
INFO: [VRFC 10-2263] Analyzing Verilog file "E:/private/GitHub/CPU_for_Basys3/multi_period-CPU/multi_period-CPU.srcs/sources_1/new/FOUR_TO_7SEG.v" into library xil_defaultlib
INFO: [VRFC 10-311] analyzing module FOUR_TO_7SEG
INFO: [VRFC 10-2263] Analyzing Verilog file "E:/private/GitHub/CPU_for_Basys3/multi_period-CPU/multi_period-CPU.srcs/sources_1/new/IM.v" into library xil_defaultlib
INFO: [VRFC 10-311] analyzing module IM
INFO: [VRFC 10-2263] Analyzing Verilog file "E:/private/GitHub/CPU_for_Basys3/multi_period-CPU/multi_period-CPU.srcs/sources_1/new/MUX_1bit_32.v" into library xil_defaultlib
INFO: [VRFC 10-311] analyzing module MUX_1bit_32
INFO: [VRFC 10-2263] Analyzing Verilog file "E:/private/GitHub/CPU_for_Basys3/multi_period-CPU/multi_period-CPU.srcs/sources_1/new/MUX_2bits_32.v" into library xil_defaultlib
INFO: [VRFC 10-311] analyzing module MUX_2bits_32
INFO: [VRFC 10-2263] Analyzing Verilog file "E:/private/GitHub/CPU_for_Basys3/multi_period-CPU/multi_period-CPU.srcs/sources_1/new/MUX_2bits_5.v" into library xil_defaultlib
INFO: [VRFC 10-311] analyzing module MUX_2bits_5
INFO: [VRFC 10-2263] Analyzing Verilog file "E:/private/GitHub/CPU_for_Basys3/multi_period-CPU/multi_period-CPU.srcs/sources_1/new/PC.v" into library xil_defaultlib
INFO: [VRFC 10-311] analyzing module PC
INFO: [VRFC 10-2263] Analyzing Verilog file "E:/private/GitHub/CPU_for_Basys3/multi_period-CPU/multi_period-CPU.srcs/sources_1/new/RF.v" into library xil_defaultlib
INFO: [VRFC 10-311] analyzing module RF
INFO: [VRFC 10-2263] Analyzing Verilog file "E:/private/GitHub/CPU_for_Basys3/multi_period-CPU/multi_period-CPU.srcs/sim_1/new/CPU_sim.v" into library xil_defaultlib
INFO: [VRFC 10-311] analyzing module CPU_sim
INFO: [USF-XSim-69] 'compile' step finished in '2' seconds
INFO: [USF-XSim-3] XSim::Elaborate design
INFO: [USF-XSim-61] Executing 'ELABORATE' step in 'E:/private/GitHub/CPU_for_Basys3/multi_period-CPU/multi_period-CPU.sim/sim_1/behav/xsim'
Vivado Simulator 2017.4
Copyright 1986-1999, 2001-2016 Xilinx, Inc. All Rights Reserved.
Running: E:/Vivado_2017.4/Vivado/2017.4/bin/unwrapped/win64.o/xelab.exe -wto 08e4ebf56723422a933c2cde68228a46 --incr --debug typical --relax --mt 2 -L xil_defaultlib -L unisims_ver -L unimacro_ver -L secureip --snapshot CPU_sim_behav xil_defaultlib.CPU_sim xil_defaultlib.glbl -log elaborate.log 
Using 2 slave threads.
Starting static elaboration
WARNING: [VRFC 10-278] actual bit length 32 differs from formal bit length 5 for port ZERO [E:/private/GitHub/CPU_for_Basys3/multi_period-CPU/multi_period-CPU.srcs/sources_1/new/CPU.v:142]
WARNING: [VRFC 10-278] actual bit length 32 differs from formal bit length 1 for port EN [E:/private/GitHub/CPU_for_Basys3/multi_period-CPU/multi_period-CPU.srcs/sources_1/new/CPU.v:145]
WARNING: [VRFC 10-278] actual bit length 32 differs from formal bit length 1 for port EN [E:/private/GitHub/CPU_for_Basys3/multi_period-CPU/multi_period-CPU.srcs/sources_1/new/CPU.v:146]
WARNING: [VRFC 10-278] actual bit length 32 differs from formal bit length 1 for port EN [E:/private/GitHub/CPU_for_Basys3/multi_period-CPU/multi_period-CPU.srcs/sources_1/new/CPU.v:153]
WARNING: [VRFC 10-278] actual bit length 32 differs from formal bit length 1 for port EN [E:/private/GitHub/CPU_for_Basys3/multi_period-CPU/multi_period-CPU.srcs/sources_1/new/CPU.v:157]
Completed static elaboration
Starting simulation data flow analysis
Completed simulation data flow analysis
Time Resolution for simulation is 1ps
Compiling module xil_defaultlib.CLOCK_DIV
Compiling module xil_defaultlib.PC
Compiling module xil_defaultlib.Adder
Compiling module xil_defaultlib.MUX_2bits_32
Compiling module xil_defaultlib.IM
Compiling module xil_defaultlib.DFF
Compiling module xil_defaultlib.MUX_2bits_5
Compiling module xil_defaultlib.MUX_1bit_32
Compiling module xil_defaultlib.RF
Compiling module xil_defaultlib.EXT
Compiling module xil_defaultlib.ALU
Compiling module xil_defaultlib.DM
Compiling module xil_defaultlib.DFF_FOR_CU
Compiling module xil_defaultlib.CU
Compiling module xil_defaultlib.FOUR_TO_7SEG
Compiling module xil_defaultlib.CPU
Compiling module xil_defaultlib.CPU_sim
Compiling module xil_defaultlib.glbl
Built simulation snapshot CPU_sim_behav
INFO: [USF-XSim-69] 'elaborate' step finished in '4' seconds
INFO: [USF-XSim-4] XSim::Simulate design
INFO: [USF-XSim-61] Executing 'SIMULATE' step in 'E:/private/GitHub/CPU_for_Basys3/multi_period-CPU/multi_period-CPU.sim/sim_1/behav/xsim'
INFO: [USF-XSim-98] *** Running xsim
   with args "CPU_sim_behav -key {Behavioral:sim_1:Functional:CPU_sim} -tclbatch {CPU_sim.tcl} -log {simulate.log}"
INFO: [USF-XSim-8] Loading simulator feature
Vivado Simulator 2017.4
Time resolution is 1 ps
source CPU_sim.tcl
# set curr_wave [current_wave_config]
# if { [string length $curr_wave] == 0 } {
#   if { [llength [get_objects]] > 0} {
#     add_wave /
#     set_property needs_save false [current_wave_config]
#   } else {
#      send_msg_id Add_Wave-1 WARNING "No top level signals found. Simulator will start without a wave window. If you want to open a wave window go to 'File->New Waveform Configuration' or type 'create_wave_config' in the TCL console."
#   }
# }
# run 1000ns
INFO: [USF-XSim-96] XSim completed. Design snapshot 'CPU_sim_behav' loaded.
INFO: [USF-XSim-97] XSim simulation ran for 1000ns
launch_simulation: Time (s): cpu = 00:00:01 ; elapsed = 00:00:09 . Memory (MB): peak = 876.098 ; gain = 0.000
add_wave {{/CPU_sim/cpu/alu/OP1}} {{/CPU_sim/cpu/alu/OP2}} {{/CPU_sim/cpu/alu/ALUop}} {{/CPU_sim/cpu/alu/SIGN}} {{/CPU_sim/cpu/alu/ZERO}} {{/CPU_sim/cpu/alu/RESULT}} 
restart
INFO: [Simtcl 6-17] Simulation restarted
run 1 ms
add_wave {{/CPU_sim/cpu/ctrl_unit/OP}} 
add_wave {{/CPU_sim/cpu/ctrl_unit/FUNCT}} 
add_wave {{/CPU_sim/cpu/rf/RS}} {{/CPU_sim/cpu/rf/RT}} 
add_wave {{/CPU_sim/cpu/mux_for_rf_write_reg/ONE}} 
add_wave {{/CPU_sim/cpu/mux_for_rf_write_reg/TWO}} 
add_wave {{/CPU_sim/cpu/opa/ONE}} 
add_wave {{/CPU_sim/cpu/ext/IMMI}} 
restart
INFO: [Simtcl 6-17] Simulation restarted
run 1 ms
close_sim
INFO: [Simtcl 6-16] Simulation closed
launch_simulation
INFO: [Vivado 12-5682] Launching behavioral simulation in 'E:/private/GitHub/CPU_for_Basys3/multi_period-CPU/multi_period-CPU.sim/sim_1/behav/xsim'
INFO: [SIM-utils-51] Simulation object is 'sim_1'
INFO: [SIM-utils-54] Inspecting design source files for 'CPU_sim' in fileset 'sim_1'...
INFO: [USF-XSim-97] Finding global include files...
INFO: [USF-XSim-98] Fetching design files from 'sim_1'...
INFO: [USF-XSim-2] XSim::Compile design
INFO: [USF-XSim-61] Executing 'COMPILE and ANALYZE' step in 'E:/private/GitHub/CPU_for_Basys3/multi_period-CPU/multi_period-CPU.sim/sim_1/behav/xsim'
"xvlog --incr --relax -prj CPU_sim_vlog.prj"
INFO: [VRFC 10-2263] Analyzing Verilog file "E:/private/GitHub/CPU_for_Basys3/multi_period-CPU/multi_period-CPU.srcs/sources_1/new/ALU.v" into library xil_defaultlib
INFO: [VRFC 10-311] analyzing module ALU
INFO: [VRFC 10-2263] Analyzing Verilog file "E:/private/GitHub/CPU_for_Basys3/multi_period-CPU/multi_period-CPU.srcs/sources_1/new/Adder.v" into library xil_defaultlib
INFO: [VRFC 10-311] analyzing module Adder
INFO: [VRFC 10-2263] Analyzing Verilog file "E:/private/GitHub/CPU_for_Basys3/multi_period-CPU/multi_period-CPU.srcs/sources_1/new/CLOCK_DIV.v" into library xil_defaultlib
INFO: [VRFC 10-311] analyzing module CLOCK_DIV
INFO: [VRFC 10-2263] Analyzing Verilog file "E:/private/GitHub/CPU_for_Basys3/multi_period-CPU/multi_period-CPU.srcs/sources_1/new/CPU.v" into library xil_defaultlib
INFO: [VRFC 10-311] analyzing module CPU
INFO: [VRFC 10-2263] Analyzing Verilog file "E:/private/GitHub/CPU_for_Basys3/multi_period-CPU/multi_period-CPU.srcs/sources_1/new/CU.v" into library xil_defaultlib
INFO: [VRFC 10-311] analyzing module CU
INFO: [VRFC 10-2263] Analyzing Verilog file "E:/private/GitHub/CPU_for_Basys3/multi_period-CPU/multi_period-CPU.srcs/sources_1/new/DFF.v" into library xil_defaultlib
INFO: [VRFC 10-311] analyzing module DFF
INFO: [VRFC 10-2263] Analyzing Verilog file "E:/private/GitHub/CPU_for_Basys3/multi_period-CPU/multi_period-CPU.srcs/sources_1/new/DFF_FOR_CU.v" into library xil_defaultlib
INFO: [VRFC 10-311] analyzing module DFF_FOR_CU
INFO: [VRFC 10-2263] Analyzing Verilog file "E:/private/GitHub/CPU_for_Basys3/multi_period-CPU/multi_period-CPU.srcs/sources_1/new/DM.v" into library xil_defaultlib
INFO: [VRFC 10-311] analyzing module DM
INFO: [VRFC 10-2263] Analyzing Verilog file "E:/private/GitHub/CPU_for_Basys3/multi_period-CPU/multi_period-CPU.srcs/sources_1/new/EXT.v" into library xil_defaultlib
INFO: [VRFC 10-311] analyzing module EXT
INFO: [VRFC 10-2263] Analyzing Verilog file "E:/private/GitHub/CPU_for_Basys3/multi_period-CPU/multi_period-CPU.srcs/sources_1/new/FOUR_TO_7SEG.v" into library xil_defaultlib
INFO: [VRFC 10-311] analyzing module FOUR_TO_7SEG
INFO: [VRFC 10-2263] Analyzing Verilog file "E:/private/GitHub/CPU_for_Basys3/multi_period-CPU/multi_period-CPU.srcs/sources_1/new/IM.v" into library xil_defaultlib
INFO: [VRFC 10-311] analyzing module IM
INFO: [VRFC 10-2263] Analyzing Verilog file "E:/private/GitHub/CPU_for_Basys3/multi_period-CPU/multi_period-CPU.srcs/sources_1/new/MUX_1bit_32.v" into library xil_defaultlib
INFO: [VRFC 10-311] analyzing module MUX_1bit_32
INFO: [VRFC 10-2263] Analyzing Verilog file "E:/private/GitHub/CPU_for_Basys3/multi_period-CPU/multi_period-CPU.srcs/sources_1/new/MUX_2bits_32.v" into library xil_defaultlib
INFO: [VRFC 10-311] analyzing module MUX_2bits_32
INFO: [VRFC 10-2263] Analyzing Verilog file "E:/private/GitHub/CPU_for_Basys3/multi_period-CPU/multi_period-CPU.srcs/sources_1/new/MUX_2bits_5.v" into library xil_defaultlib
INFO: [VRFC 10-311] analyzing module MUX_2bits_5
INFO: [VRFC 10-2263] Analyzing Verilog file "E:/private/GitHub/CPU_for_Basys3/multi_period-CPU/multi_period-CPU.srcs/sources_1/new/PC.v" into library xil_defaultlib
INFO: [VRFC 10-311] analyzing module PC
INFO: [VRFC 10-2263] Analyzing Verilog file "E:/private/GitHub/CPU_for_Basys3/multi_period-CPU/multi_period-CPU.srcs/sources_1/new/RF.v" into library xil_defaultlib
INFO: [VRFC 10-311] analyzing module RF
INFO: [VRFC 10-2263] Analyzing Verilog file "E:/private/GitHub/CPU_for_Basys3/multi_period-CPU/multi_period-CPU.srcs/sim_1/new/CPU_sim.v" into library xil_defaultlib
INFO: [VRFC 10-311] analyzing module CPU_sim
INFO: [USF-XSim-69] 'compile' step finished in '3' seconds
INFO: [USF-XSim-3] XSim::Elaborate design
INFO: [USF-XSim-61] Executing 'ELABORATE' step in 'E:/private/GitHub/CPU_for_Basys3/multi_period-CPU/multi_period-CPU.sim/sim_1/behav/xsim'
Vivado Simulator 2017.4
Copyright 1986-1999, 2001-2016 Xilinx, Inc. All Rights Reserved.
Running: E:/Vivado_2017.4/Vivado/2017.4/bin/unwrapped/win64.o/xelab.exe -wto 08e4ebf56723422a933c2cde68228a46 --incr --debug typical --relax --mt 2 -L xil_defaultlib -L unisims_ver -L unimacro_ver -L secureip --snapshot CPU_sim_behav xil_defaultlib.CPU_sim xil_defaultlib.glbl -log elaborate.log 
Using 2 slave threads.
Starting static elaboration
WARNING: [VRFC 10-278] actual bit length 32 differs from formal bit length 5 for port ZERO [E:/private/GitHub/CPU_for_Basys3/multi_period-CPU/multi_period-CPU.srcs/sources_1/new/CPU.v:142]
WARNING: [VRFC 10-278] actual bit length 32 differs from formal bit length 1 for port EN [E:/private/GitHub/CPU_for_Basys3/multi_period-CPU/multi_period-CPU.srcs/sources_1/new/CPU.v:145]
WARNING: [VRFC 10-278] actual bit length 32 differs from formal bit length 1 for port EN [E:/private/GitHub/CPU_for_Basys3/multi_period-CPU/multi_period-CPU.srcs/sources_1/new/CPU.v:146]
WARNING: [VRFC 10-278] actual bit length 32 differs from formal bit length 1 for port EN [E:/private/GitHub/CPU_for_Basys3/multi_period-CPU/multi_period-CPU.srcs/sources_1/new/CPU.v:153]
WARNING: [VRFC 10-278] actual bit length 32 differs from formal bit length 1 for port EN [E:/private/GitHub/CPU_for_Basys3/multi_period-CPU/multi_period-CPU.srcs/sources_1/new/CPU.v:157]
Completed static elaboration
Starting simulation data flow analysis
Completed simulation data flow analysis
Time Resolution for simulation is 1ps
Compiling module xil_defaultlib.CLOCK_DIV
Compiling module xil_defaultlib.PC
Compiling module xil_defaultlib.Adder
Compiling module xil_defaultlib.MUX_2bits_32
Compiling module xil_defaultlib.IM
Compiling module xil_defaultlib.DFF
Compiling module xil_defaultlib.MUX_2bits_5
Compiling module xil_defaultlib.MUX_1bit_32
Compiling module xil_defaultlib.RF
Compiling module xil_defaultlib.EXT
Compiling module xil_defaultlib.ALU
Compiling module xil_defaultlib.DM
Compiling module xil_defaultlib.DFF_FOR_CU
Compiling module xil_defaultlib.CU
Compiling module xil_defaultlib.FOUR_TO_7SEG
Compiling module xil_defaultlib.CPU
Compiling module xil_defaultlib.CPU_sim
Compiling module xil_defaultlib.glbl
Built simulation snapshot CPU_sim_behav
INFO: [USF-XSim-69] 'elaborate' step finished in '5' seconds
INFO: [USF-XSim-4] XSim::Simulate design
INFO: [USF-XSim-61] Executing 'SIMULATE' step in 'E:/private/GitHub/CPU_for_Basys3/multi_period-CPU/multi_period-CPU.sim/sim_1/behav/xsim'
INFO: [USF-XSim-98] *** Running xsim
   with args "CPU_sim_behav -key {Behavioral:sim_1:Functional:CPU_sim} -tclbatch {CPU_sim.tcl} -log {simulate.log}"
INFO: [USF-XSim-8] Loading simulator feature
Vivado Simulator 2017.4
Time resolution is 1 ps
source CPU_sim.tcl
# set curr_wave [current_wave_config]
# if { [string length $curr_wave] == 0 } {
#   if { [llength [get_objects]] > 0} {
#     add_wave /
#     set_property needs_save false [current_wave_config]
#   } else {
#      send_msg_id Add_Wave-1 WARNING "No top level signals found. Simulator will start without a wave window. If you want to open a wave window go to 'File->New Waveform Configuration' or type 'create_wave_config' in the TCL console."
#   }
# }
# run 1000ns
INFO: [USF-XSim-96] XSim completed. Design snapshot 'CPU_sim_behav' loaded.
INFO: [USF-XSim-97] XSim simulation ran for 1000ns
launch_simulation: Time (s): cpu = 00:00:01 ; elapsed = 00:00:10 . Memory (MB): peak = 887.309 ; gain = 0.000
add_wave {{/CPU_sim/cpu/ext/IMMI}} 
add_wave {{/CPU_sim/cpu/alu/OP1}} {{/CPU_sim/cpu/alu/OP2}} {{/CPU_sim/cpu/alu/ALUop}} {{/CPU_sim/cpu/alu/SIGN}} {{/CPU_sim/cpu/alu/ZERO}} {{/CPU_sim/cpu/alu/RESULT}} 
restart
INFO: [Simtcl 6-17] Simulation restarted
run 1 ms
add_wave {{/CPU_sim/cpu/pc/WR_ENABLE}} {{/CPU_sim/cpu/pc/CURR_PC}} {{/CPU_sim/cpu/pc/INITIAL_PC}} 
restart
INFO: [Simtcl 6-17] Simulation restarted
run 1 ms
close_sim
INFO: [Simtcl 6-16] Simulation closed
launch_simulation
INFO: [Vivado 12-5682] Launching behavioral simulation in 'E:/private/GitHub/CPU_for_Basys3/multi_period-CPU/multi_period-CPU.sim/sim_1/behav/xsim'
INFO: [SIM-utils-51] Simulation object is 'sim_1'
INFO: [SIM-utils-54] Inspecting design source files for 'CPU_sim' in fileset 'sim_1'...
INFO: [USF-XSim-97] Finding global include files...
INFO: [USF-XSim-98] Fetching design files from 'sim_1'...
INFO: [USF-XSim-2] XSim::Compile design
INFO: [USF-XSim-61] Executing 'COMPILE and ANALYZE' step in 'E:/private/GitHub/CPU_for_Basys3/multi_period-CPU/multi_period-CPU.sim/sim_1/behav/xsim'
"xvlog --incr --relax -prj CPU_sim_vlog.prj"
INFO: [VRFC 10-2263] Analyzing Verilog file "E:/private/GitHub/CPU_for_Basys3/multi_period-CPU/multi_period-CPU.srcs/sources_1/new/ALU.v" into library xil_defaultlib
INFO: [VRFC 10-311] analyzing module ALU
INFO: [VRFC 10-2263] Analyzing Verilog file "E:/private/GitHub/CPU_for_Basys3/multi_period-CPU/multi_period-CPU.srcs/sources_1/new/Adder.v" into library xil_defaultlib
INFO: [VRFC 10-311] analyzing module Adder
INFO: [VRFC 10-2263] Analyzing Verilog file "E:/private/GitHub/CPU_for_Basys3/multi_period-CPU/multi_period-CPU.srcs/sources_1/new/CLOCK_DIV.v" into library xil_defaultlib
INFO: [VRFC 10-311] analyzing module CLOCK_DIV
INFO: [VRFC 10-2263] Analyzing Verilog file "E:/private/GitHub/CPU_for_Basys3/multi_period-CPU/multi_period-CPU.srcs/sources_1/new/CPU.v" into library xil_defaultlib
INFO: [VRFC 10-311] analyzing module CPU
INFO: [VRFC 10-2263] Analyzing Verilog file "E:/private/GitHub/CPU_for_Basys3/multi_period-CPU/multi_period-CPU.srcs/sources_1/new/CU.v" into library xil_defaultlib
INFO: [VRFC 10-311] analyzing module CU
INFO: [VRFC 10-2263] Analyzing Verilog file "E:/private/GitHub/CPU_for_Basys3/multi_period-CPU/multi_period-CPU.srcs/sources_1/new/DFF.v" into library xil_defaultlib
INFO: [VRFC 10-311] analyzing module DFF
INFO: [VRFC 10-2263] Analyzing Verilog file "E:/private/GitHub/CPU_for_Basys3/multi_period-CPU/multi_period-CPU.srcs/sources_1/new/DFF_FOR_CU.v" into library xil_defaultlib
INFO: [VRFC 10-311] analyzing module DFF_FOR_CU
INFO: [VRFC 10-2263] Analyzing Verilog file "E:/private/GitHub/CPU_for_Basys3/multi_period-CPU/multi_period-CPU.srcs/sources_1/new/DM.v" into library xil_defaultlib
INFO: [VRFC 10-311] analyzing module DM
INFO: [VRFC 10-2263] Analyzing Verilog file "E:/private/GitHub/CPU_for_Basys3/multi_period-CPU/multi_period-CPU.srcs/sources_1/new/EXT.v" into library xil_defaultlib
INFO: [VRFC 10-311] analyzing module EXT
INFO: [VRFC 10-2263] Analyzing Verilog file "E:/private/GitHub/CPU_for_Basys3/multi_period-CPU/multi_period-CPU.srcs/sources_1/new/FOUR_TO_7SEG.v" into library xil_defaultlib
INFO: [VRFC 10-311] analyzing module FOUR_TO_7SEG
INFO: [VRFC 10-2263] Analyzing Verilog file "E:/private/GitHub/CPU_for_Basys3/multi_period-CPU/multi_period-CPU.srcs/sources_1/new/IM.v" into library xil_defaultlib
INFO: [VRFC 10-311] analyzing module IM
INFO: [VRFC 10-2263] Analyzing Verilog file "E:/private/GitHub/CPU_for_Basys3/multi_period-CPU/multi_period-CPU.srcs/sources_1/new/MUX_1bit_32.v" into library xil_defaultlib
INFO: [VRFC 10-311] analyzing module MUX_1bit_32
INFO: [VRFC 10-2263] Analyzing Verilog file "E:/private/GitHub/CPU_for_Basys3/multi_period-CPU/multi_period-CPU.srcs/sources_1/new/MUX_2bits_32.v" into library xil_defaultlib
INFO: [VRFC 10-311] analyzing module MUX_2bits_32
INFO: [VRFC 10-2263] Analyzing Verilog file "E:/private/GitHub/CPU_for_Basys3/multi_period-CPU/multi_period-CPU.srcs/sources_1/new/MUX_2bits_5.v" into library xil_defaultlib
INFO: [VRFC 10-311] analyzing module MUX_2bits_5
INFO: [VRFC 10-2263] Analyzing Verilog file "E:/private/GitHub/CPU_for_Basys3/multi_period-CPU/multi_period-CPU.srcs/sources_1/new/PC.v" into library xil_defaultlib
INFO: [VRFC 10-311] analyzing module PC
INFO: [VRFC 10-2263] Analyzing Verilog file "E:/private/GitHub/CPU_for_Basys3/multi_period-CPU/multi_period-CPU.srcs/sources_1/new/RF.v" into library xil_defaultlib
INFO: [VRFC 10-311] analyzing module RF
INFO: [VRFC 10-2263] Analyzing Verilog file "E:/private/GitHub/CPU_for_Basys3/multi_period-CPU/multi_period-CPU.srcs/sim_1/new/CPU_sim.v" into library xil_defaultlib
INFO: [VRFC 10-311] analyzing module CPU_sim
INFO: [USF-XSim-69] 'compile' step finished in '2' seconds
INFO: [USF-XSim-3] XSim::Elaborate design
INFO: [USF-XSim-61] Executing 'ELABORATE' step in 'E:/private/GitHub/CPU_for_Basys3/multi_period-CPU/multi_period-CPU.sim/sim_1/behav/xsim'
Vivado Simulator 2017.4
Copyright 1986-1999, 2001-2016 Xilinx, Inc. All Rights Reserved.
Running: E:/Vivado_2017.4/Vivado/2017.4/bin/unwrapped/win64.o/xelab.exe -wto 08e4ebf56723422a933c2cde68228a46 --incr --debug typical --relax --mt 2 -L xil_defaultlib -L unisims_ver -L unimacro_ver -L secureip --snapshot CPU_sim_behav xil_defaultlib.CPU_sim xil_defaultlib.glbl -log elaborate.log 
Using 2 slave threads.
Starting static elaboration
WARNING: [VRFC 10-278] actual bit length 32 differs from formal bit length 5 for port ZERO [E:/private/GitHub/CPU_for_Basys3/multi_period-CPU/multi_period-CPU.srcs/sources_1/new/CPU.v:142]
WARNING: [VRFC 10-278] actual bit length 32 differs from formal bit length 1 for port EN [E:/private/GitHub/CPU_for_Basys3/multi_period-CPU/multi_period-CPU.srcs/sources_1/new/CPU.v:145]
WARNING: [VRFC 10-278] actual bit length 32 differs from formal bit length 1 for port EN [E:/private/GitHub/CPU_for_Basys3/multi_period-CPU/multi_period-CPU.srcs/sources_1/new/CPU.v:146]
WARNING: [VRFC 10-278] actual bit length 32 differs from formal bit length 1 for port EN [E:/private/GitHub/CPU_for_Basys3/multi_period-CPU/multi_period-CPU.srcs/sources_1/new/CPU.v:153]
WARNING: [VRFC 10-278] actual bit length 32 differs from formal bit length 1 for port EN [E:/private/GitHub/CPU_for_Basys3/multi_period-CPU/multi_period-CPU.srcs/sources_1/new/CPU.v:157]
Completed static elaboration
Starting simulation data flow analysis
Completed simulation data flow analysis
Time Resolution for simulation is 1ps
Compiling module xil_defaultlib.CLOCK_DIV
Compiling module xil_defaultlib.PC
Compiling module xil_defaultlib.Adder
Compiling module xil_defaultlib.MUX_2bits_32
Compiling module xil_defaultlib.IM
Compiling module xil_defaultlib.DFF
Compiling module xil_defaultlib.MUX_2bits_5
Compiling module xil_defaultlib.MUX_1bit_32
Compiling module xil_defaultlib.RF
Compiling module xil_defaultlib.EXT
Compiling module xil_defaultlib.ALU
Compiling module xil_defaultlib.DM
Compiling module xil_defaultlib.DFF_FOR_CU
Compiling module xil_defaultlib.CU
Compiling module xil_defaultlib.FOUR_TO_7SEG
Compiling module xil_defaultlib.CPU
Compiling module xil_defaultlib.CPU_sim
Compiling module xil_defaultlib.glbl
Built simulation snapshot CPU_sim_behav
INFO: [USF-XSim-69] 'elaborate' step finished in '5' seconds
INFO: [USF-XSim-4] XSim::Simulate design
INFO: [USF-XSim-61] Executing 'SIMULATE' step in 'E:/private/GitHub/CPU_for_Basys3/multi_period-CPU/multi_period-CPU.sim/sim_1/behav/xsim'
INFO: [USF-XSim-98] *** Running xsim
   with args "CPU_sim_behav -key {Behavioral:sim_1:Functional:CPU_sim} -tclbatch {CPU_sim.tcl} -log {simulate.log}"
INFO: [USF-XSim-8] Loading simulator feature
Vivado Simulator 2017.4
Time resolution is 1 ps
source CPU_sim.tcl
# set curr_wave [current_wave_config]
# if { [string length $curr_wave] == 0 } {
#   if { [llength [get_objects]] > 0} {
#     add_wave /
#     set_property needs_save false [current_wave_config]
#   } else {
#      send_msg_id Add_Wave-1 WARNING "No top level signals found. Simulator will start without a wave window. If you want to open a wave window go to 'File->New Waveform Configuration' or type 'create_wave_config' in the TCL console."
#   }
# }
# run 1000ns
INFO: [USF-XSim-96] XSim completed. Design snapshot 'CPU_sim_behav' loaded.
INFO: [USF-XSim-97] XSim simulation ran for 1000ns
launch_simulation: Time (s): cpu = 00:00:01 ; elapsed = 00:00:10 . Memory (MB): peak = 904.562 ; gain = 2.871
add_wave {{/CPU_sim/cpu/pc/NEXT_PC}} {{/CPU_sim/cpu/pc/WR_ENABLE}} {{/CPU_sim/cpu/pc/CURR_PC}} 
add_wave {{/CPU_sim/cpu/alu/OP1}} {{/CPU_sim/cpu/alu/OP2}} {{/CPU_sim/cpu/alu/ALUop}} {{/CPU_sim/cpu/alu/SIGN}} {{/CPU_sim/cpu/alu/ZERO}} {{/CPU_sim/cpu/alu/RESULT}} 
restart
INFO: [Simtcl 6-17] Simulation restarted
run 1 ms
close_sim
INFO: [Simtcl 6-16] Simulation closed
launch_simulation
INFO: [Vivado 12-5682] Launching behavioral simulation in 'E:/private/GitHub/CPU_for_Basys3/multi_period-CPU/multi_period-CPU.sim/sim_1/behav/xsim'
INFO: [SIM-utils-51] Simulation object is 'sim_1'
INFO: [SIM-utils-54] Inspecting design source files for 'CPU_sim' in fileset 'sim_1'...
INFO: [USF-XSim-97] Finding global include files...
INFO: [USF-XSim-98] Fetching design files from 'sim_1'...
INFO: [USF-XSim-2] XSim::Compile design
INFO: [USF-XSim-61] Executing 'COMPILE and ANALYZE' step in 'E:/private/GitHub/CPU_for_Basys3/multi_period-CPU/multi_period-CPU.sim/sim_1/behav/xsim'
"xvlog --incr --relax -prj CPU_sim_vlog.prj"
INFO: [VRFC 10-2263] Analyzing Verilog file "E:/private/GitHub/CPU_for_Basys3/multi_period-CPU/multi_period-CPU.srcs/sources_1/new/ALU.v" into library xil_defaultlib
INFO: [VRFC 10-311] analyzing module ALU
INFO: [VRFC 10-2263] Analyzing Verilog file "E:/private/GitHub/CPU_for_Basys3/multi_period-CPU/multi_period-CPU.srcs/sources_1/new/Adder.v" into library xil_defaultlib
INFO: [VRFC 10-311] analyzing module Adder
INFO: [VRFC 10-2263] Analyzing Verilog file "E:/private/GitHub/CPU_for_Basys3/multi_period-CPU/multi_period-CPU.srcs/sources_1/new/CLOCK_DIV.v" into library xil_defaultlib
INFO: [VRFC 10-311] analyzing module CLOCK_DIV
INFO: [VRFC 10-2263] Analyzing Verilog file "E:/private/GitHub/CPU_for_Basys3/multi_period-CPU/multi_period-CPU.srcs/sources_1/new/CPU.v" into library xil_defaultlib
INFO: [VRFC 10-311] analyzing module CPU
INFO: [VRFC 10-2263] Analyzing Verilog file "E:/private/GitHub/CPU_for_Basys3/multi_period-CPU/multi_period-CPU.srcs/sources_1/new/CU.v" into library xil_defaultlib
INFO: [VRFC 10-311] analyzing module CU
INFO: [VRFC 10-2263] Analyzing Verilog file "E:/private/GitHub/CPU_for_Basys3/multi_period-CPU/multi_period-CPU.srcs/sources_1/new/DFF.v" into library xil_defaultlib
INFO: [VRFC 10-311] analyzing module DFF
INFO: [VRFC 10-2263] Analyzing Verilog file "E:/private/GitHub/CPU_for_Basys3/multi_period-CPU/multi_period-CPU.srcs/sources_1/new/DFF_FOR_CU.v" into library xil_defaultlib
INFO: [VRFC 10-311] analyzing module DFF_FOR_CU
INFO: [VRFC 10-2263] Analyzing Verilog file "E:/private/GitHub/CPU_for_Basys3/multi_period-CPU/multi_period-CPU.srcs/sources_1/new/DM.v" into library xil_defaultlib
INFO: [VRFC 10-311] analyzing module DM
INFO: [VRFC 10-2263] Analyzing Verilog file "E:/private/GitHub/CPU_for_Basys3/multi_period-CPU/multi_period-CPU.srcs/sources_1/new/EXT.v" into library xil_defaultlib
INFO: [VRFC 10-311] analyzing module EXT
INFO: [VRFC 10-2263] Analyzing Verilog file "E:/private/GitHub/CPU_for_Basys3/multi_period-CPU/multi_period-CPU.srcs/sources_1/new/FOUR_TO_7SEG.v" into library xil_defaultlib
INFO: [VRFC 10-311] analyzing module FOUR_TO_7SEG
INFO: [VRFC 10-2263] Analyzing Verilog file "E:/private/GitHub/CPU_for_Basys3/multi_period-CPU/multi_period-CPU.srcs/sources_1/new/IM.v" into library xil_defaultlib
INFO: [VRFC 10-311] analyzing module IM
INFO: [VRFC 10-2263] Analyzing Verilog file "E:/private/GitHub/CPU_for_Basys3/multi_period-CPU/multi_period-CPU.srcs/sources_1/new/MUX_1bit_32.v" into library xil_defaultlib
INFO: [VRFC 10-311] analyzing module MUX_1bit_32
INFO: [VRFC 10-2263] Analyzing Verilog file "E:/private/GitHub/CPU_for_Basys3/multi_period-CPU/multi_period-CPU.srcs/sources_1/new/MUX_2bits_32.v" into library xil_defaultlib
INFO: [VRFC 10-311] analyzing module MUX_2bits_32
INFO: [VRFC 10-2263] Analyzing Verilog file "E:/private/GitHub/CPU_for_Basys3/multi_period-CPU/multi_period-CPU.srcs/sources_1/new/MUX_2bits_5.v" into library xil_defaultlib
INFO: [VRFC 10-311] analyzing module MUX_2bits_5
INFO: [VRFC 10-2263] Analyzing Verilog file "E:/private/GitHub/CPU_for_Basys3/multi_period-CPU/multi_period-CPU.srcs/sources_1/new/PC.v" into library xil_defaultlib
INFO: [VRFC 10-311] analyzing module PC
INFO: [VRFC 10-2263] Analyzing Verilog file "E:/private/GitHub/CPU_for_Basys3/multi_period-CPU/multi_period-CPU.srcs/sources_1/new/RF.v" into library xil_defaultlib
INFO: [VRFC 10-311] analyzing module RF
INFO: [VRFC 10-2263] Analyzing Verilog file "E:/private/GitHub/CPU_for_Basys3/multi_period-CPU/multi_period-CPU.srcs/sim_1/new/CPU_sim.v" into library xil_defaultlib
INFO: [VRFC 10-311] analyzing module CPU_sim
INFO: [USF-XSim-69] 'compile' step finished in '3' seconds
INFO: [USF-XSim-3] XSim::Elaborate design
INFO: [USF-XSim-61] Executing 'ELABORATE' step in 'E:/private/GitHub/CPU_for_Basys3/multi_period-CPU/multi_period-CPU.sim/sim_1/behav/xsim'
Vivado Simulator 2017.4
Copyright 1986-1999, 2001-2016 Xilinx, Inc. All Rights Reserved.
Running: E:/Vivado_2017.4/Vivado/2017.4/bin/unwrapped/win64.o/xelab.exe -wto 08e4ebf56723422a933c2cde68228a46 --incr --debug typical --relax --mt 2 -L xil_defaultlib -L unisims_ver -L unimacro_ver -L secureip --snapshot CPU_sim_behav xil_defaultlib.CPU_sim xil_defaultlib.glbl -log elaborate.log 
Using 2 slave threads.
Starting static elaboration
WARNING: [VRFC 10-278] actual bit length 32 differs from formal bit length 5 for port ZERO [E:/private/GitHub/CPU_for_Basys3/multi_period-CPU/multi_period-CPU.srcs/sources_1/new/CPU.v:142]
WARNING: [VRFC 10-278] actual bit length 32 differs from formal bit length 1 for port EN [E:/private/GitHub/CPU_for_Basys3/multi_period-CPU/multi_period-CPU.srcs/sources_1/new/CPU.v:145]
WARNING: [VRFC 10-278] actual bit length 32 differs from formal bit length 1 for port EN [E:/private/GitHub/CPU_for_Basys3/multi_period-CPU/multi_period-CPU.srcs/sources_1/new/CPU.v:146]
WARNING: [VRFC 10-278] actual bit length 32 differs from formal bit length 1 for port EN [E:/private/GitHub/CPU_for_Basys3/multi_period-CPU/multi_period-CPU.srcs/sources_1/new/CPU.v:153]
WARNING: [VRFC 10-278] actual bit length 32 differs from formal bit length 1 for port EN [E:/private/GitHub/CPU_for_Basys3/multi_period-CPU/multi_period-CPU.srcs/sources_1/new/CPU.v:157]
Completed static elaboration
Starting simulation data flow analysis
Completed simulation data flow analysis
Time Resolution for simulation is 1ps
Compiling module xil_defaultlib.CLOCK_DIV
Compiling module xil_defaultlib.PC
Compiling module xil_defaultlib.Adder
Compiling module xil_defaultlib.MUX_2bits_32
Compiling module xil_defaultlib.IM
Compiling module xil_defaultlib.DFF
Compiling module xil_defaultlib.MUX_2bits_5
Compiling module xil_defaultlib.MUX_1bit_32
Compiling module xil_defaultlib.RF
Compiling module xil_defaultlib.EXT
Compiling module xil_defaultlib.ALU
Compiling module xil_defaultlib.DM
Compiling module xil_defaultlib.DFF_FOR_CU
Compiling module xil_defaultlib.CU
Compiling module xil_defaultlib.FOUR_TO_7SEG
Compiling module xil_defaultlib.CPU
Compiling module xil_defaultlib.CPU_sim
Compiling module xil_defaultlib.glbl
Built simulation snapshot CPU_sim_behav
INFO: [USF-XSim-69] 'elaborate' step finished in '4' seconds
INFO: [USF-XSim-4] XSim::Simulate design
INFO: [USF-XSim-61] Executing 'SIMULATE' step in 'E:/private/GitHub/CPU_for_Basys3/multi_period-CPU/multi_period-CPU.sim/sim_1/behav/xsim'
INFO: [USF-XSim-98] *** Running xsim
   with args "CPU_sim_behav -key {Behavioral:sim_1:Functional:CPU_sim} -tclbatch {CPU_sim.tcl} -log {simulate.log}"
INFO: [USF-XSim-8] Loading simulator feature
Vivado Simulator 2017.4
Time resolution is 1 ps
source CPU_sim.tcl
# set curr_wave [current_wave_config]
# if { [string length $curr_wave] == 0 } {
#   if { [llength [get_objects]] > 0} {
#     add_wave /
#     set_property needs_save false [current_wave_config]
#   } else {
#      send_msg_id Add_Wave-1 WARNING "No top level signals found. Simulator will start without a wave window. If you want to open a wave window go to 'File->New Waveform Configuration' or type 'create_wave_config' in the TCL console."
#   }
# }
# run 1000ns
INFO: [USF-XSim-96] XSim completed. Design snapshot 'CPU_sim_behav' loaded.
INFO: [USF-XSim-97] XSim simulation ran for 1000ns
launch_simulation: Time (s): cpu = 00:00:01 ; elapsed = 00:00:10 . Memory (MB): peak = 909.938 ; gain = 0.691
add_wave {{/CPU_sim/cpu/pc/NEXT_PC}} {{/CPU_sim/cpu/pc/WR_ENABLE}} {{/CPU_sim/cpu/pc/CURR_PC}} 
add_wave {{/CPU_sim/cpu/alu/OP1}} {{/CPU_sim/cpu/alu/OP2}} {{/CPU_sim/cpu/alu/ALUop}} {{/CPU_sim/cpu/alu/SIGN}} {{/CPU_sim/cpu/alu/ZERO}} {{/CPU_sim/cpu/alu/RESULT}} 
restart
INFO: [Simtcl 6-17] Simulation restarted
run 1 ms
close_sim
INFO: [Simtcl 6-16] Simulation closed
launch_simulation
INFO: [Vivado 12-5682] Launching behavioral simulation in 'E:/private/GitHub/CPU_for_Basys3/multi_period-CPU/multi_period-CPU.sim/sim_1/behav/xsim'
INFO: [SIM-utils-51] Simulation object is 'sim_1'
INFO: [SIM-utils-54] Inspecting design source files for 'CPU_sim' in fileset 'sim_1'...
INFO: [USF-XSim-97] Finding global include files...
INFO: [USF-XSim-98] Fetching design files from 'sim_1'...
INFO: [USF-XSim-2] XSim::Compile design
INFO: [USF-XSim-61] Executing 'COMPILE and ANALYZE' step in 'E:/private/GitHub/CPU_for_Basys3/multi_period-CPU/multi_period-CPU.sim/sim_1/behav/xsim'
"xvlog --incr --relax -prj CPU_sim_vlog.prj"
INFO: [VRFC 10-2263] Analyzing Verilog file "E:/private/GitHub/CPU_for_Basys3/multi_period-CPU/multi_period-CPU.srcs/sources_1/new/ALU.v" into library xil_defaultlib
INFO: [VRFC 10-311] analyzing module ALU
INFO: [VRFC 10-2263] Analyzing Verilog file "E:/private/GitHub/CPU_for_Basys3/multi_period-CPU/multi_period-CPU.srcs/sources_1/new/Adder.v" into library xil_defaultlib
INFO: [VRFC 10-311] analyzing module Adder
INFO: [VRFC 10-2263] Analyzing Verilog file "E:/private/GitHub/CPU_for_Basys3/multi_period-CPU/multi_period-CPU.srcs/sources_1/new/CLOCK_DIV.v" into library xil_defaultlib
INFO: [VRFC 10-311] analyzing module CLOCK_DIV
INFO: [VRFC 10-2263] Analyzing Verilog file "E:/private/GitHub/CPU_for_Basys3/multi_period-CPU/multi_period-CPU.srcs/sources_1/new/CPU.v" into library xil_defaultlib
INFO: [VRFC 10-311] analyzing module CPU
INFO: [VRFC 10-2263] Analyzing Verilog file "E:/private/GitHub/CPU_for_Basys3/multi_period-CPU/multi_period-CPU.srcs/sources_1/new/CU.v" into library xil_defaultlib
INFO: [VRFC 10-311] analyzing module CU
INFO: [VRFC 10-2263] Analyzing Verilog file "E:/private/GitHub/CPU_for_Basys3/multi_period-CPU/multi_period-CPU.srcs/sources_1/new/DFF.v" into library xil_defaultlib
INFO: [VRFC 10-311] analyzing module DFF
INFO: [VRFC 10-2263] Analyzing Verilog file "E:/private/GitHub/CPU_for_Basys3/multi_period-CPU/multi_period-CPU.srcs/sources_1/new/DFF_FOR_CU.v" into library xil_defaultlib
INFO: [VRFC 10-311] analyzing module DFF_FOR_CU
INFO: [VRFC 10-2263] Analyzing Verilog file "E:/private/GitHub/CPU_for_Basys3/multi_period-CPU/multi_period-CPU.srcs/sources_1/new/DM.v" into library xil_defaultlib
INFO: [VRFC 10-311] analyzing module DM
INFO: [VRFC 10-2263] Analyzing Verilog file "E:/private/GitHub/CPU_for_Basys3/multi_period-CPU/multi_period-CPU.srcs/sources_1/new/EXT.v" into library xil_defaultlib
INFO: [VRFC 10-311] analyzing module EXT
INFO: [VRFC 10-2263] Analyzing Verilog file "E:/private/GitHub/CPU_for_Basys3/multi_period-CPU/multi_period-CPU.srcs/sources_1/new/FOUR_TO_7SEG.v" into library xil_defaultlib
INFO: [VRFC 10-311] analyzing module FOUR_TO_7SEG
INFO: [VRFC 10-2263] Analyzing Verilog file "E:/private/GitHub/CPU_for_Basys3/multi_period-CPU/multi_period-CPU.srcs/sources_1/new/IM.v" into library xil_defaultlib
INFO: [VRFC 10-311] analyzing module IM
INFO: [VRFC 10-2263] Analyzing Verilog file "E:/private/GitHub/CPU_for_Basys3/multi_period-CPU/multi_period-CPU.srcs/sources_1/new/MUX_1bit_32.v" into library xil_defaultlib
INFO: [VRFC 10-311] analyzing module MUX_1bit_32
INFO: [VRFC 10-2263] Analyzing Verilog file "E:/private/GitHub/CPU_for_Basys3/multi_period-CPU/multi_period-CPU.srcs/sources_1/new/MUX_2bits_32.v" into library xil_defaultlib
INFO: [VRFC 10-311] analyzing module MUX_2bits_32
INFO: [VRFC 10-2263] Analyzing Verilog file "E:/private/GitHub/CPU_for_Basys3/multi_period-CPU/multi_period-CPU.srcs/sources_1/new/MUX_2bits_5.v" into library xil_defaultlib
INFO: [VRFC 10-311] analyzing module MUX_2bits_5
INFO: [VRFC 10-2263] Analyzing Verilog file "E:/private/GitHub/CPU_for_Basys3/multi_period-CPU/multi_period-CPU.srcs/sources_1/new/PC.v" into library xil_defaultlib
INFO: [VRFC 10-311] analyzing module PC
INFO: [VRFC 10-2263] Analyzing Verilog file "E:/private/GitHub/CPU_for_Basys3/multi_period-CPU/multi_period-CPU.srcs/sources_1/new/RF.v" into library xil_defaultlib
INFO: [VRFC 10-311] analyzing module RF
INFO: [VRFC 10-2263] Analyzing Verilog file "E:/private/GitHub/CPU_for_Basys3/multi_period-CPU/multi_period-CPU.srcs/sim_1/new/CPU_sim.v" into library xil_defaultlib
INFO: [VRFC 10-311] analyzing module CPU_sim
INFO: [USF-XSim-69] 'compile' step finished in '2' seconds
INFO: [USF-XSim-3] XSim::Elaborate design
INFO: [USF-XSim-61] Executing 'ELABORATE' step in 'E:/private/GitHub/CPU_for_Basys3/multi_period-CPU/multi_period-CPU.sim/sim_1/behav/xsim'
Vivado Simulator 2017.4
Copyright 1986-1999, 2001-2016 Xilinx, Inc. All Rights Reserved.
Running: E:/Vivado_2017.4/Vivado/2017.4/bin/unwrapped/win64.o/xelab.exe -wto 08e4ebf56723422a933c2cde68228a46 --incr --debug typical --relax --mt 2 -L xil_defaultlib -L unisims_ver -L unimacro_ver -L secureip --snapshot CPU_sim_behav xil_defaultlib.CPU_sim xil_defaultlib.glbl -log elaborate.log 
Using 2 slave threads.
Starting static elaboration
WARNING: [VRFC 10-278] actual bit length 32 differs from formal bit length 5 for port ZERO [E:/private/GitHub/CPU_for_Basys3/multi_period-CPU/multi_period-CPU.srcs/sources_1/new/CPU.v:142]
WARNING: [VRFC 10-278] actual bit length 32 differs from formal bit length 1 for port EN [E:/private/GitHub/CPU_for_Basys3/multi_period-CPU/multi_period-CPU.srcs/sources_1/new/CPU.v:145]
WARNING: [VRFC 10-278] actual bit length 32 differs from formal bit length 1 for port EN [E:/private/GitHub/CPU_for_Basys3/multi_period-CPU/multi_period-CPU.srcs/sources_1/new/CPU.v:146]
WARNING: [VRFC 10-278] actual bit length 32 differs from formal bit length 1 for port EN [E:/private/GitHub/CPU_for_Basys3/multi_period-CPU/multi_period-CPU.srcs/sources_1/new/CPU.v:153]
WARNING: [VRFC 10-278] actual bit length 32 differs from formal bit length 1 for port EN [E:/private/GitHub/CPU_for_Basys3/multi_period-CPU/multi_period-CPU.srcs/sources_1/new/CPU.v:157]
Completed static elaboration
Starting simulation data flow analysis
Completed simulation data flow analysis
Time Resolution for simulation is 1ps
Compiling module xil_defaultlib.CLOCK_DIV
Compiling module xil_defaultlib.PC
Compiling module xil_defaultlib.Adder
Compiling module xil_defaultlib.MUX_2bits_32
Compiling module xil_defaultlib.IM
Compiling module xil_defaultlib.DFF
Compiling module xil_defaultlib.MUX_2bits_5
Compiling module xil_defaultlib.MUX_1bit_32
Compiling module xil_defaultlib.RF
Compiling module xil_defaultlib.EXT
Compiling module xil_defaultlib.ALU
Compiling module xil_defaultlib.DM
Compiling module xil_defaultlib.DFF_FOR_CU
Compiling module xil_defaultlib.CU
Compiling module xil_defaultlib.FOUR_TO_7SEG
Compiling module xil_defaultlib.CPU
Compiling module xil_defaultlib.CPU_sim
Compiling module xil_defaultlib.glbl
Built simulation snapshot CPU_sim_behav
INFO: [USF-XSim-69] 'elaborate' step finished in '4' seconds
INFO: [USF-XSim-4] XSim::Simulate design
INFO: [USF-XSim-61] Executing 'SIMULATE' step in 'E:/private/GitHub/CPU_for_Basys3/multi_period-CPU/multi_period-CPU.sim/sim_1/behav/xsim'
INFO: [USF-XSim-98] *** Running xsim
   with args "CPU_sim_behav -key {Behavioral:sim_1:Functional:CPU_sim} -tclbatch {CPU_sim.tcl} -log {simulate.log}"
INFO: [USF-XSim-8] Loading simulator feature
Vivado Simulator 2017.4
Time resolution is 1 ps
source CPU_sim.tcl
# set curr_wave [current_wave_config]
# if { [string length $curr_wave] == 0 } {
#   if { [llength [get_objects]] > 0} {
#     add_wave /
#     set_property needs_save false [current_wave_config]
#   } else {
#      send_msg_id Add_Wave-1 WARNING "No top level signals found. Simulator will start without a wave window. If you want to open a wave window go to 'File->New Waveform Configuration' or type 'create_wave_config' in the TCL console."
#   }
# }
# run 1000ns
INFO: [USF-XSim-96] XSim completed. Design snapshot 'CPU_sim_behav' loaded.
INFO: [USF-XSim-97] XSim simulation ran for 1000ns
launch_simulation: Time (s): cpu = 00:00:01 ; elapsed = 00:00:10 . Memory (MB): peak = 909.938 ; gain = 0.000
add_wave {{/CPU_sim/cpu/pc/NEXT_PC}} {{/CPU_sim/cpu/pc/WR_ENABLE}} {{/CPU_sim/cpu/pc/CURR_PC}} 
add_wave {{/CPU_sim/cpu/alu/OP1}} {{/CPU_sim/cpu/alu/OP2}} {{/CPU_sim/cpu/alu/ALUop}} {{/CPU_sim/cpu/alu/SIGN}} {{/CPU_sim/cpu/alu/ZERO}} {{/CPU_sim/cpu/alu/RESULT}} 
restart
INFO: [Simtcl 6-17] Simulation restarted
run 1 ms
add_wave {{/CPU_sim/cpu/ctrl_unit/dff/CURR_STATUS}} 
restart
INFO: [Simtcl 6-17] Simulation restarted
run 1 ms
close_sim
INFO: [Simtcl 6-16] Simulation closed
launch_simulation
INFO: [Vivado 12-5682] Launching behavioral simulation in 'E:/private/GitHub/CPU_for_Basys3/multi_period-CPU/multi_period-CPU.sim/sim_1/behav/xsim'
INFO: [SIM-utils-51] Simulation object is 'sim_1'
INFO: [SIM-utils-54] Inspecting design source files for 'CPU_sim' in fileset 'sim_1'...
INFO: [USF-XSim-97] Finding global include files...
INFO: [USF-XSim-98] Fetching design files from 'sim_1'...
INFO: [USF-XSim-2] XSim::Compile design
INFO: [USF-XSim-61] Executing 'COMPILE and ANALYZE' step in 'E:/private/GitHub/CPU_for_Basys3/multi_period-CPU/multi_period-CPU.sim/sim_1/behav/xsim'
"xvlog --incr --relax -prj CPU_sim_vlog.prj"
INFO: [VRFC 10-2263] Analyzing Verilog file "E:/private/GitHub/CPU_for_Basys3/multi_period-CPU/multi_period-CPU.srcs/sources_1/new/ALU.v" into library xil_defaultlib
INFO: [VRFC 10-311] analyzing module ALU
INFO: [VRFC 10-2263] Analyzing Verilog file "E:/private/GitHub/CPU_for_Basys3/multi_period-CPU/multi_period-CPU.srcs/sources_1/new/Adder.v" into library xil_defaultlib
INFO: [VRFC 10-311] analyzing module Adder
INFO: [VRFC 10-2263] Analyzing Verilog file "E:/private/GitHub/CPU_for_Basys3/multi_period-CPU/multi_period-CPU.srcs/sources_1/new/CLOCK_DIV.v" into library xil_defaultlib
INFO: [VRFC 10-311] analyzing module CLOCK_DIV
INFO: [VRFC 10-2263] Analyzing Verilog file "E:/private/GitHub/CPU_for_Basys3/multi_period-CPU/multi_period-CPU.srcs/sources_1/new/CPU.v" into library xil_defaultlib
INFO: [VRFC 10-311] analyzing module CPU
INFO: [VRFC 10-2263] Analyzing Verilog file "E:/private/GitHub/CPU_for_Basys3/multi_period-CPU/multi_period-CPU.srcs/sources_1/new/CU.v" into library xil_defaultlib
INFO: [VRFC 10-311] analyzing module CU
INFO: [VRFC 10-2263] Analyzing Verilog file "E:/private/GitHub/CPU_for_Basys3/multi_period-CPU/multi_period-CPU.srcs/sources_1/new/DFF.v" into library xil_defaultlib
INFO: [VRFC 10-311] analyzing module DFF
INFO: [VRFC 10-2263] Analyzing Verilog file "E:/private/GitHub/CPU_for_Basys3/multi_period-CPU/multi_period-CPU.srcs/sources_1/new/DFF_FOR_CU.v" into library xil_defaultlib
INFO: [VRFC 10-311] analyzing module DFF_FOR_CU
INFO: [VRFC 10-2263] Analyzing Verilog file "E:/private/GitHub/CPU_for_Basys3/multi_period-CPU/multi_period-CPU.srcs/sources_1/new/DM.v" into library xil_defaultlib
INFO: [VRFC 10-311] analyzing module DM
INFO: [VRFC 10-2263] Analyzing Verilog file "E:/private/GitHub/CPU_for_Basys3/multi_period-CPU/multi_period-CPU.srcs/sources_1/new/EXT.v" into library xil_defaultlib
INFO: [VRFC 10-311] analyzing module EXT
INFO: [VRFC 10-2263] Analyzing Verilog file "E:/private/GitHub/CPU_for_Basys3/multi_period-CPU/multi_period-CPU.srcs/sources_1/new/FOUR_TO_7SEG.v" into library xil_defaultlib
INFO: [VRFC 10-311] analyzing module FOUR_TO_7SEG
INFO: [VRFC 10-2263] Analyzing Verilog file "E:/private/GitHub/CPU_for_Basys3/multi_period-CPU/multi_period-CPU.srcs/sources_1/new/IM.v" into library xil_defaultlib
INFO: [VRFC 10-311] analyzing module IM
INFO: [VRFC 10-2263] Analyzing Verilog file "E:/private/GitHub/CPU_for_Basys3/multi_period-CPU/multi_period-CPU.srcs/sources_1/new/MUX_1bit_32.v" into library xil_defaultlib
INFO: [VRFC 10-311] analyzing module MUX_1bit_32
INFO: [VRFC 10-2263] Analyzing Verilog file "E:/private/GitHub/CPU_for_Basys3/multi_period-CPU/multi_period-CPU.srcs/sources_1/new/MUX_2bits_32.v" into library xil_defaultlib
INFO: [VRFC 10-311] analyzing module MUX_2bits_32
INFO: [VRFC 10-2263] Analyzing Verilog file "E:/private/GitHub/CPU_for_Basys3/multi_period-CPU/multi_period-CPU.srcs/sources_1/new/MUX_2bits_5.v" into library xil_defaultlib
INFO: [VRFC 10-311] analyzing module MUX_2bits_5
INFO: [VRFC 10-2263] Analyzing Verilog file "E:/private/GitHub/CPU_for_Basys3/multi_period-CPU/multi_period-CPU.srcs/sources_1/new/PC.v" into library xil_defaultlib
INFO: [VRFC 10-311] analyzing module PC
INFO: [VRFC 10-2263] Analyzing Verilog file "E:/private/GitHub/CPU_for_Basys3/multi_period-CPU/multi_period-CPU.srcs/sources_1/new/RF.v" into library xil_defaultlib
INFO: [VRFC 10-311] analyzing module RF
INFO: [VRFC 10-2263] Analyzing Verilog file "E:/private/GitHub/CPU_for_Basys3/multi_period-CPU/multi_period-CPU.srcs/sim_1/new/CPU_sim.v" into library xil_defaultlib
INFO: [VRFC 10-311] analyzing module CPU_sim
INFO: [USF-XSim-69] 'compile' step finished in '2' seconds
INFO: [USF-XSim-3] XSim::Elaborate design
INFO: [USF-XSim-61] Executing 'ELABORATE' step in 'E:/private/GitHub/CPU_for_Basys3/multi_period-CPU/multi_period-CPU.sim/sim_1/behav/xsim'
Vivado Simulator 2017.4
Copyright 1986-1999, 2001-2016 Xilinx, Inc. All Rights Reserved.
Running: E:/Vivado_2017.4/Vivado/2017.4/bin/unwrapped/win64.o/xelab.exe -wto 08e4ebf56723422a933c2cde68228a46 --incr --debug typical --relax --mt 2 -L xil_defaultlib -L unisims_ver -L unimacro_ver -L secureip --snapshot CPU_sim_behav xil_defaultlib.CPU_sim xil_defaultlib.glbl -log elaborate.log 
Using 2 slave threads.
Starting static elaboration
WARNING: [VRFC 10-278] actual bit length 32 differs from formal bit length 5 for port ZERO [E:/private/GitHub/CPU_for_Basys3/multi_period-CPU/multi_period-CPU.srcs/sources_1/new/CPU.v:142]
WARNING: [VRFC 10-278] actual bit length 32 differs from formal bit length 1 for port EN [E:/private/GitHub/CPU_for_Basys3/multi_period-CPU/multi_period-CPU.srcs/sources_1/new/CPU.v:145]
WARNING: [VRFC 10-278] actual bit length 32 differs from formal bit length 1 for port EN [E:/private/GitHub/CPU_for_Basys3/multi_period-CPU/multi_period-CPU.srcs/sources_1/new/CPU.v:146]
WARNING: [VRFC 10-278] actual bit length 32 differs from formal bit length 1 for port EN [E:/private/GitHub/CPU_for_Basys3/multi_period-CPU/multi_period-CPU.srcs/sources_1/new/CPU.v:153]
WARNING: [VRFC 10-278] actual bit length 32 differs from formal bit length 1 for port EN [E:/private/GitHub/CPU_for_Basys3/multi_period-CPU/multi_period-CPU.srcs/sources_1/new/CPU.v:157]
Completed static elaboration
Starting simulation data flow analysis
Completed simulation data flow analysis
Time Resolution for simulation is 1ps
Compiling module xil_defaultlib.CLOCK_DIV
Compiling module xil_defaultlib.PC
Compiling module xil_defaultlib.Adder
Compiling module xil_defaultlib.MUX_2bits_32
Compiling module xil_defaultlib.IM
Compiling module xil_defaultlib.DFF
Compiling module xil_defaultlib.MUX_2bits_5
Compiling module xil_defaultlib.MUX_1bit_32
Compiling module xil_defaultlib.RF
Compiling module xil_defaultlib.EXT
Compiling module xil_defaultlib.ALU
Compiling module xil_defaultlib.DM
Compiling module xil_defaultlib.DFF_FOR_CU
Compiling module xil_defaultlib.CU
Compiling module xil_defaultlib.FOUR_TO_7SEG
Compiling module xil_defaultlib.CPU
Compiling module xil_defaultlib.CPU_sim
Compiling module xil_defaultlib.glbl
Built simulation snapshot CPU_sim_behav
INFO: [USF-XSim-69] 'elaborate' step finished in '5' seconds
INFO: [USF-XSim-4] XSim::Simulate design
INFO: [USF-XSim-61] Executing 'SIMULATE' step in 'E:/private/GitHub/CPU_for_Basys3/multi_period-CPU/multi_period-CPU.sim/sim_1/behav/xsim'
INFO: [USF-XSim-98] *** Running xsim
   with args "CPU_sim_behav -key {Behavioral:sim_1:Functional:CPU_sim} -tclbatch {CPU_sim.tcl} -log {simulate.log}"
INFO: [USF-XSim-8] Loading simulator feature
Vivado Simulator 2017.4
Time resolution is 1 ps
source CPU_sim.tcl
# set curr_wave [current_wave_config]
# if { [string length $curr_wave] == 0 } {
#   if { [llength [get_objects]] > 0} {
#     add_wave /
#     set_property needs_save false [current_wave_config]
#   } else {
#      send_msg_id Add_Wave-1 WARNING "No top level signals found. Simulator will start without a wave window. If you want to open a wave window go to 'File->New Waveform Configuration' or type 'create_wave_config' in the TCL console."
#   }
# }
# run 1000ns
INFO: [USF-XSim-96] XSim completed. Design snapshot 'CPU_sim_behav' loaded.
INFO: [USF-XSim-97] XSim simulation ran for 1000ns
launch_simulation: Time (s): cpu = 00:00:01 ; elapsed = 00:00:10 . Memory (MB): peak = 914.910 ; gain = 0.000
add_wave {{/CPU_sim/cpu/pc/NEXT_PC}} {{/CPU_sim/cpu/pc/WR_ENABLE}} {{/CPU_sim/cpu/pc/CURR_PC}} 
add_wave {{/CPU_sim/cpu/alu/OP1}} {{/CPU_sim/cpu/alu/OP2}} {{/CPU_sim/cpu/alu/ALUop}} {{/CPU_sim/cpu/alu/SIGN}} {{/CPU_sim/cpu/alu/ZERO}} {{/CPU_sim/cpu/alu/RESULT}} 
restart
INFO: [Simtcl 6-17] Simulation restarted
run 1 ms
close_sim
INFO: [Simtcl 6-16] Simulation closed
launch_simulation
INFO: [Vivado 12-5682] Launching behavioral simulation in 'E:/private/GitHub/CPU_for_Basys3/multi_period-CPU/multi_period-CPU.sim/sim_1/behav/xsim'
INFO: [SIM-utils-51] Simulation object is 'sim_1'
INFO: [SIM-utils-54] Inspecting design source files for 'CPU_sim' in fileset 'sim_1'...
INFO: [USF-XSim-97] Finding global include files...
INFO: [USF-XSim-98] Fetching design files from 'sim_1'...
INFO: [USF-XSim-2] XSim::Compile design
INFO: [USF-XSim-61] Executing 'COMPILE and ANALYZE' step in 'E:/private/GitHub/CPU_for_Basys3/multi_period-CPU/multi_period-CPU.sim/sim_1/behav/xsim'
"xvlog --incr --relax -prj CPU_sim_vlog.prj"
INFO: [VRFC 10-2263] Analyzing Verilog file "E:/private/GitHub/CPU_for_Basys3/multi_period-CPU/multi_period-CPU.srcs/sources_1/new/ALU.v" into library xil_defaultlib
INFO: [VRFC 10-311] analyzing module ALU
INFO: [VRFC 10-2263] Analyzing Verilog file "E:/private/GitHub/CPU_for_Basys3/multi_period-CPU/multi_period-CPU.srcs/sources_1/new/Adder.v" into library xil_defaultlib
INFO: [VRFC 10-311] analyzing module Adder
INFO: [VRFC 10-2263] Analyzing Verilog file "E:/private/GitHub/CPU_for_Basys3/multi_period-CPU/multi_period-CPU.srcs/sources_1/new/CLOCK_DIV.v" into library xil_defaultlib
INFO: [VRFC 10-311] analyzing module CLOCK_DIV
INFO: [VRFC 10-2263] Analyzing Verilog file "E:/private/GitHub/CPU_for_Basys3/multi_period-CPU/multi_period-CPU.srcs/sources_1/new/CPU.v" into library xil_defaultlib
INFO: [VRFC 10-311] analyzing module CPU
INFO: [VRFC 10-2263] Analyzing Verilog file "E:/private/GitHub/CPU_for_Basys3/multi_period-CPU/multi_period-CPU.srcs/sources_1/new/CU.v" into library xil_defaultlib
INFO: [VRFC 10-311] analyzing module CU
INFO: [VRFC 10-2263] Analyzing Verilog file "E:/private/GitHub/CPU_for_Basys3/multi_period-CPU/multi_period-CPU.srcs/sources_1/new/DFF.v" into library xil_defaultlib
INFO: [VRFC 10-311] analyzing module DFF
INFO: [VRFC 10-2263] Analyzing Verilog file "E:/private/GitHub/CPU_for_Basys3/multi_period-CPU/multi_period-CPU.srcs/sources_1/new/DFF_FOR_CU.v" into library xil_defaultlib
INFO: [VRFC 10-311] analyzing module DFF_FOR_CU
INFO: [VRFC 10-2263] Analyzing Verilog file "E:/private/GitHub/CPU_for_Basys3/multi_period-CPU/multi_period-CPU.srcs/sources_1/new/DM.v" into library xil_defaultlib
INFO: [VRFC 10-311] analyzing module DM
INFO: [VRFC 10-2263] Analyzing Verilog file "E:/private/GitHub/CPU_for_Basys3/multi_period-CPU/multi_period-CPU.srcs/sources_1/new/EXT.v" into library xil_defaultlib
INFO: [VRFC 10-311] analyzing module EXT
INFO: [VRFC 10-2263] Analyzing Verilog file "E:/private/GitHub/CPU_for_Basys3/multi_period-CPU/multi_period-CPU.srcs/sources_1/new/FOUR_TO_7SEG.v" into library xil_defaultlib
INFO: [VRFC 10-311] analyzing module FOUR_TO_7SEG
INFO: [VRFC 10-2263] Analyzing Verilog file "E:/private/GitHub/CPU_for_Basys3/multi_period-CPU/multi_period-CPU.srcs/sources_1/new/IM.v" into library xil_defaultlib
INFO: [VRFC 10-311] analyzing module IM
INFO: [VRFC 10-2263] Analyzing Verilog file "E:/private/GitHub/CPU_for_Basys3/multi_period-CPU/multi_period-CPU.srcs/sources_1/new/MUX_1bit_32.v" into library xil_defaultlib
INFO: [VRFC 10-311] analyzing module MUX_1bit_32
INFO: [VRFC 10-2263] Analyzing Verilog file "E:/private/GitHub/CPU_for_Basys3/multi_period-CPU/multi_period-CPU.srcs/sources_1/new/MUX_2bits_32.v" into library xil_defaultlib
INFO: [VRFC 10-311] analyzing module MUX_2bits_32
INFO: [VRFC 10-2263] Analyzing Verilog file "E:/private/GitHub/CPU_for_Basys3/multi_period-CPU/multi_period-CPU.srcs/sources_1/new/MUX_2bits_5.v" into library xil_defaultlib
INFO: [VRFC 10-311] analyzing module MUX_2bits_5
INFO: [VRFC 10-2263] Analyzing Verilog file "E:/private/GitHub/CPU_for_Basys3/multi_period-CPU/multi_period-CPU.srcs/sources_1/new/PC.v" into library xil_defaultlib
INFO: [VRFC 10-311] analyzing module PC
INFO: [VRFC 10-2263] Analyzing Verilog file "E:/private/GitHub/CPU_for_Basys3/multi_period-CPU/multi_period-CPU.srcs/sources_1/new/RF.v" into library xil_defaultlib
INFO: [VRFC 10-311] analyzing module RF
INFO: [VRFC 10-2263] Analyzing Verilog file "E:/private/GitHub/CPU_for_Basys3/multi_period-CPU/multi_period-CPU.srcs/sim_1/new/CPU_sim.v" into library xil_defaultlib
INFO: [VRFC 10-311] analyzing module CPU_sim
INFO: [USF-XSim-69] 'compile' step finished in '2' seconds
INFO: [USF-XSim-3] XSim::Elaborate design
INFO: [USF-XSim-61] Executing 'ELABORATE' step in 'E:/private/GitHub/CPU_for_Basys3/multi_period-CPU/multi_period-CPU.sim/sim_1/behav/xsim'
Vivado Simulator 2017.4
Copyright 1986-1999, 2001-2016 Xilinx, Inc. All Rights Reserved.
Running: E:/Vivado_2017.4/Vivado/2017.4/bin/unwrapped/win64.o/xelab.exe -wto 08e4ebf56723422a933c2cde68228a46 --incr --debug typical --relax --mt 2 -L xil_defaultlib -L unisims_ver -L unimacro_ver -L secureip --snapshot CPU_sim_behav xil_defaultlib.CPU_sim xil_defaultlib.glbl -log elaborate.log 
Using 2 slave threads.
Starting static elaboration
WARNING: [VRFC 10-278] actual bit length 32 differs from formal bit length 5 for port ZERO [E:/private/GitHub/CPU_for_Basys3/multi_period-CPU/multi_period-CPU.srcs/sources_1/new/CPU.v:142]
WARNING: [VRFC 10-278] actual bit length 32 differs from formal bit length 1 for port EN [E:/private/GitHub/CPU_for_Basys3/multi_period-CPU/multi_period-CPU.srcs/sources_1/new/CPU.v:145]
WARNING: [VRFC 10-278] actual bit length 32 differs from formal bit length 1 for port EN [E:/private/GitHub/CPU_for_Basys3/multi_period-CPU/multi_period-CPU.srcs/sources_1/new/CPU.v:146]
WARNING: [VRFC 10-278] actual bit length 32 differs from formal bit length 1 for port EN [E:/private/GitHub/CPU_for_Basys3/multi_period-CPU/multi_period-CPU.srcs/sources_1/new/CPU.v:153]
WARNING: [VRFC 10-278] actual bit length 32 differs from formal bit length 1 for port EN [E:/private/GitHub/CPU_for_Basys3/multi_period-CPU/multi_period-CPU.srcs/sources_1/new/CPU.v:157]
Completed static elaboration
Starting simulation data flow analysis
Completed simulation data flow analysis
Time Resolution for simulation is 1ps
Compiling module xil_defaultlib.CLOCK_DIV
Compiling module xil_defaultlib.PC
Compiling module xil_defaultlib.Adder
Compiling module xil_defaultlib.MUX_2bits_32
Compiling module xil_defaultlib.IM
Compiling module xil_defaultlib.DFF
Compiling module xil_defaultlib.MUX_2bits_5
Compiling module xil_defaultlib.MUX_1bit_32
Compiling module xil_defaultlib.RF
Compiling module xil_defaultlib.EXT
Compiling module xil_defaultlib.ALU
Compiling module xil_defaultlib.DM
Compiling module xil_defaultlib.DFF_FOR_CU
Compiling module xil_defaultlib.CU
Compiling module xil_defaultlib.FOUR_TO_7SEG
Compiling module xil_defaultlib.CPU
Compiling module xil_defaultlib.CPU_sim
Compiling module xil_defaultlib.glbl
Built simulation snapshot CPU_sim_behav
INFO: [USF-XSim-69] 'elaborate' step finished in '4' seconds
INFO: [USF-XSim-4] XSim::Simulate design
INFO: [USF-XSim-61] Executing 'SIMULATE' step in 'E:/private/GitHub/CPU_for_Basys3/multi_period-CPU/multi_period-CPU.sim/sim_1/behav/xsim'
INFO: [USF-XSim-98] *** Running xsim
   with args "CPU_sim_behav -key {Behavioral:sim_1:Functional:CPU_sim} -tclbatch {CPU_sim.tcl} -log {simulate.log}"
INFO: [USF-XSim-8] Loading simulator feature
Vivado Simulator 2017.4
Time resolution is 1 ps
source CPU_sim.tcl
# set curr_wave [current_wave_config]
# if { [string length $curr_wave] == 0 } {
#   if { [llength [get_objects]] > 0} {
#     add_wave /
#     set_property needs_save false [current_wave_config]
#   } else {
#      send_msg_id Add_Wave-1 WARNING "No top level signals found. Simulator will start without a wave window. If you want to open a wave window go to 'File->New Waveform Configuration' or type 'create_wave_config' in the TCL console."
#   }
# }
# run 1000ns
INFO: [USF-XSim-96] XSim completed. Design snapshot 'CPU_sim_behav' loaded.
INFO: [USF-XSim-97] XSim simulation ran for 1000ns
launch_simulation: Time (s): cpu = 00:00:01 ; elapsed = 00:00:09 . Memory (MB): peak = 920.988 ; gain = 0.000
add_wave {{/CPU_sim/cpu/pc/NEXT_PC}} {{/CPU_sim/cpu/pc/WR_ENABLE}} {{/CPU_sim/cpu/pc/CURR_PC}} 
add_wave {{/CPU_sim/cpu/alu/OP1}} {{/CPU_sim/cpu/alu/OP2}} {{/CPU_sim/cpu/alu/ALUop}} {{/CPU_sim/cpu/alu/SIGN}} {{/CPU_sim/cpu/alu/ZERO}} {{/CPU_sim/cpu/alu/RESULT}} 
restart
INFO: [Simtcl 6-17] Simulation restarted
run 1 ms
add_wave {{/CPU_sim/cpu/rf/WRITE_REG}} {{/CPU_sim/cpu/rf/WR_ENABLE}} {{/CPU_sim/cpu/rf/WRITE_DATA}} 
restart
INFO: [Simtcl 6-17] Simulation restarted
run 1 ms
add_wave {{/CPU_sim/cpu/ctrl_unit/dff/CURR_STATUS}} 
restart
INFO: [Simtcl 6-17] Simulation restarted
run 1 us
run 1 us
run 1 us
run 1 us
run 1 us
close_sim
INFO: [Simtcl 6-16] Simulation closed
exit
INFO: [Common 17-206] Exiting Vivado at Wed Dec 25 11:52:03 2024...
