#-----------------------------------------------------------
# Vivado v2017.4 (64-bit)
# SW Build 2086221 on Fri Dec 15 20:55:39 MST 2017
# IP Build 2085800 on Fri Dec 15 22:25:07 MST 2017
# Start of session at: Mon Dec 23 00:16:05 2024
# Process ID: 16996
# Current directory: E:/private/GitHub/CPU_for_Basys3/multi_period-CPU
# Command line: vivado.exe -gui_launcher_event rodinguilauncherevent6792 E:\private\GitHub\CPU_for_Basys3\multi_period-CPU\multi_period-CPU.xpr
# Log file: E:/private/GitHub/CPU_for_Basys3/multi_period-CPU/vivado.log
# Journal file: E:/private/GitHub/CPU_for_Basys3/multi_period-CPU\vivado.jou
#-----------------------------------------------------------
start_gui
open_project E:/private/GitHub/CPU_for_Basys3/multi_period-CPU/multi_period-CPU.xpr
INFO: [Project 1-313] Project file moved from 'E:/private/vivado_works/multi_period-CPU' since last save.
Scanning sources...
Finished scanning sources
INFO: [IP_Flow 19-234] Refreshing IP repositories
INFO: [IP_Flow 19-1704] No user IP repositories specified
INFO: [IP_Flow 19-2313] Loaded Vivado IP repository 'E:/Vivado_2017.4/Vivado/2017.4/data/ip'.
update_compile_order -fileset sources_1
exit
INFO: [Common 17-206] Exiting Vivado at Mon Dec 23 01:00:24 2024...
