
*** Running vivado
    with args -log CPU.vds -m64 -product Vivado -mode batch -messageDb vivado.pb -notrace -source CPU.tcl


****** Vivado v2017.4 (64-bit)
  **** SW Build 2086221 on Fri Dec 15 20:55:39 MST 2017
  **** IP Build 2085800 on Fri Dec 15 22:25:07 MST 2017
    ** Copyright 1986-2017 Xilinx, Inc. All Rights Reserved.

source CPU.tcl -notrace
Command: synth_design -top CPU -part xc7a35tcpg236-1
Starting synth_design
Attempting to get a license for feature 'Synthesis' and/or device 'xc7a35t'
INFO: [Common 17-349] Got license for feature 'Synthesis' and/or device 'xc7a35t'
INFO: Launching helper process for spawning children vivado processes
INFO: Helper process launched with PID 31024 
---------------------------------------------------------------------------------
Starting RTL Elaboration : Time (s): cpu = 00:00:04 ; elapsed = 00:00:04 . Memory (MB): peak = 343.969 ; gain = 100.934
---------------------------------------------------------------------------------
INFO: [Synth 8-638] synthesizing module 'CPU' [E:/private/vivado_works/single_period_CPU/single_period_CPU.srcs/sources_1/new/CPU.v:24]
INFO: [Synth 8-638] synthesizing module 'CLOCK_DIV' [E:/private/vivado_works/single_period_CPU/single_period_CPU.srcs/sources_1/new/CLOCK_DIV.v:23]
INFO: [Synth 8-256] done synthesizing module 'CLOCK_DIV' (1#1) [E:/private/vivado_works/single_period_CPU/single_period_CPU.srcs/sources_1/new/CLOCK_DIV.v:23]
INFO: [Synth 8-638] synthesizing module 'adder' [E:/private/vivado_works/single_period_CPU/single_period_CPU.srcs/sources_1/new/adder.v:23]
INFO: [Synth 8-256] done synthesizing module 'adder' (2#1) [E:/private/vivado_works/single_period_CPU/single_period_CPU.srcs/sources_1/new/adder.v:23]
INFO: [Synth 8-638] synthesizing module 'MUX_2bits' [E:/private/vivado_works/single_period_CPU/single_period_CPU.srcs/sources_1/new/MUX_2bits.v:23]
INFO: [Synth 8-256] done synthesizing module 'MUX_2bits' (3#1) [E:/private/vivado_works/single_period_CPU/single_period_CPU.srcs/sources_1/new/MUX_2bits.v:23]
INFO: [Synth 8-638] synthesizing module 'PC' [E:/private/vivado_works/single_period_CPU/single_period_CPU.srcs/sources_1/new/PC.v:23]
INFO: [Synth 8-256] done synthesizing module 'PC' (4#1) [E:/private/vivado_works/single_period_CPU/single_period_CPU.srcs/sources_1/new/PC.v:23]
INFO: [Synth 8-638] synthesizing module 'IM' [E:/private/vivado_works/single_period_CPU/single_period_CPU.srcs/sources_1/new/IM.v:23]
INFO: [Synth 8-256] done synthesizing module 'IM' (5#1) [E:/private/vivado_works/single_period_CPU/single_period_CPU.srcs/sources_1/new/IM.v:23]
INFO: [Synth 8-638] synthesizing module 'MUX_1bit_5' [E:/private/vivado_works/single_period_CPU/single_period_CPU.srcs/sources_1/new/MUX_1bit_5.v:23]
INFO: [Synth 8-256] done synthesizing module 'MUX_1bit_5' (6#1) [E:/private/vivado_works/single_period_CPU/single_period_CPU.srcs/sources_1/new/MUX_1bit_5.v:23]
INFO: [Synth 8-638] synthesizing module 'RF' [E:/private/vivado_works/single_period_CPU/single_period_CPU.srcs/sources_1/new/RP.v:22]
INFO: [Synth 8-256] done synthesizing module 'RF' (7#1) [E:/private/vivado_works/single_period_CPU/single_period_CPU.srcs/sources_1/new/RP.v:22]
INFO: [Synth 8-638] synthesizing module 'MUX_1bit_32' [E:/private/vivado_works/single_period_CPU/single_period_CPU.srcs/sources_1/new/MUX_1bit.v:23]
INFO: [Synth 8-256] done synthesizing module 'MUX_1bit_32' (8#1) [E:/private/vivado_works/single_period_CPU/single_period_CPU.srcs/sources_1/new/MUX_1bit.v:23]
INFO: [Synth 8-638] synthesizing module 'EXT' [E:/private/vivado_works/single_period_CPU/single_period_CPU.srcs/sources_1/new/EXT.v:23]
INFO: [Synth 8-256] done synthesizing module 'EXT' (9#1) [E:/private/vivado_works/single_period_CPU/single_period_CPU.srcs/sources_1/new/EXT.v:23]
INFO: [Synth 8-638] synthesizing module 'ALU' [E:/private/vivado_works/single_period_CPU/single_period_CPU.srcs/sources_1/new/ALU.v:23]
INFO: [Synth 8-155] case statement is not full and has no default [E:/private/vivado_works/single_period_CPU/single_period_CPU.srcs/sources_1/new/ALU.v:39]
INFO: [Synth 8-256] done synthesizing module 'ALU' (10#1) [E:/private/vivado_works/single_period_CPU/single_period_CPU.srcs/sources_1/new/ALU.v:23]
INFO: [Synth 8-638] synthesizing module 'DM' [E:/private/vivado_works/single_period_CPU/single_period_CPU.srcs/sources_1/new/RAM.v:23]
INFO: [Synth 8-256] done synthesizing module 'DM' (11#1) [E:/private/vivado_works/single_period_CPU/single_period_CPU.srcs/sources_1/new/RAM.v:23]
INFO: [Synth 8-638] synthesizing module 'CU' [E:/private/vivado_works/single_period_CPU/single_period_CPU.srcs/sources_1/new/CU.v:23]
INFO: [Synth 8-155] case statement is not full and has no default [E:/private/vivado_works/single_period_CPU/single_period_CPU.srcs/sources_1/new/CU.v:96]
INFO: [Synth 8-155] case statement is not full and has no default [E:/private/vivado_works/single_period_CPU/single_period_CPU.srcs/sources_1/new/CU.v:92]
INFO: [Synth 8-256] done synthesizing module 'CU' (12#1) [E:/private/vivado_works/single_period_CPU/single_period_CPU.srcs/sources_1/new/CU.v:23]
WARNING: [Synth 8-567] referenced signal 'PC_' should be on the sensitivity list [E:/private/vivado_works/single_period_CPU/single_period_CPU.srcs/sources_1/new/CPU.v:173]
WARNING: [Synth 8-567] referenced signal 'NEXT_PC' should be on the sensitivity list [E:/private/vivado_works/single_period_CPU/single_period_CPU.srcs/sources_1/new/CPU.v:173]
WARNING: [Synth 8-567] referenced signal 'IM_OUT_DATA' should be on the sensitivity list [E:/private/vivado_works/single_period_CPU/single_period_CPU.srcs/sources_1/new/CPU.v:173]
WARNING: [Synth 8-567] referenced signal 'RF_RD1' should be on the sensitivity list [E:/private/vivado_works/single_period_CPU/single_period_CPU.srcs/sources_1/new/CPU.v:173]
WARNING: [Synth 8-567] referenced signal 'RF_RD2' should be on the sensitivity list [E:/private/vivado_works/single_period_CPU/single_period_CPU.srcs/sources_1/new/CPU.v:173]
WARNING: [Synth 8-567] referenced signal 'ALU_RES' should be on the sensitivity list [E:/private/vivado_works/single_period_CPU/single_period_CPU.srcs/sources_1/new/CPU.v:173]
WARNING: [Synth 8-567] referenced signal 'RF_WR_DATA' should be on the sensitivity list [E:/private/vivado_works/single_period_CPU/single_period_CPU.srcs/sources_1/new/CPU.v:173]
WARNING: [Synth 8-567] referenced signal 'RIGHT' should be on the sensitivity list [E:/private/vivado_works/single_period_CPU/single_period_CPU.srcs/sources_1/new/CPU.v:181]
WARNING: [Synth 8-567] referenced signal 'LEFT' should be on the sensitivity list [E:/private/vivado_works/single_period_CPU/single_period_CPU.srcs/sources_1/new/CPU.v:181]
INFO: [Synth 8-638] synthesizing module 'FOUR_TO_7SEG' [E:/private/vivado_works/single_period_CPU/single_period_CPU.srcs/sources_1/new/4_TO_7SEG.v:23]
INFO: [Synth 8-226] default block is never used [E:/private/vivado_works/single_period_CPU/single_period_CPU.srcs/sources_1/new/4_TO_7SEG.v:29]
INFO: [Synth 8-256] done synthesizing module 'FOUR_TO_7SEG' (13#1) [E:/private/vivado_works/single_period_CPU/single_period_CPU.srcs/sources_1/new/4_TO_7SEG.v:23]
INFO: [Synth 8-256] done synthesizing module 'CPU' (14#1) [E:/private/vivado_works/single_period_CPU/single_period_CPU.srcs/sources_1/new/CPU.v:24]
WARNING: [Synth 8-3331] design DM has unconnected port ADDR[31]
WARNING: [Synth 8-3331] design DM has unconnected port ADDR[30]
WARNING: [Synth 8-3331] design DM has unconnected port ADDR[29]
WARNING: [Synth 8-3331] design DM has unconnected port ADDR[28]
WARNING: [Synth 8-3331] design DM has unconnected port ADDR[27]
WARNING: [Synth 8-3331] design DM has unconnected port ADDR[26]
WARNING: [Synth 8-3331] design DM has unconnected port ADDR[25]
WARNING: [Synth 8-3331] design DM has unconnected port ADDR[24]
WARNING: [Synth 8-3331] design DM has unconnected port ADDR[23]
WARNING: [Synth 8-3331] design DM has unconnected port ADDR[22]
WARNING: [Synth 8-3331] design DM has unconnected port ADDR[21]
WARNING: [Synth 8-3331] design DM has unconnected port ADDR[20]
WARNING: [Synth 8-3331] design DM has unconnected port ADDR[19]
WARNING: [Synth 8-3331] design DM has unconnected port ADDR[18]
WARNING: [Synth 8-3331] design DM has unconnected port ADDR[17]
WARNING: [Synth 8-3331] design DM has unconnected port ADDR[16]
WARNING: [Synth 8-3331] design DM has unconnected port ADDR[15]
WARNING: [Synth 8-3331] design DM has unconnected port ADDR[14]
WARNING: [Synth 8-3331] design DM has unconnected port ADDR[13]
WARNING: [Synth 8-3331] design DM has unconnected port ADDR[12]
WARNING: [Synth 8-3331] design DM has unconnected port ADDR[11]
WARNING: [Synth 8-3331] design DM has unconnected port ADDR[10]
WARNING: [Synth 8-3331] design DM has unconnected port ADDR[9]
WARNING: [Synth 8-3331] design DM has unconnected port ADDR[8]
---------------------------------------------------------------------------------
Finished RTL Elaboration : Time (s): cpu = 00:00:05 ; elapsed = 00:00:06 . Memory (MB): peak = 445.215 ; gain = 202.180
---------------------------------------------------------------------------------

Report Check Netlist: 
+------+------------------+-------+---------+-------+------------------+
|      |Item              |Errors |Warnings |Status |Description       |
+------+------------------+-------+---------+-------+------------------+
|1     |multi_driven_nets |      0|        0|Passed |Multi driven nets |
+------+------------------+-------+---------+-------+------------------+
---------------------------------------------------------------------------------
Finished RTL Optimization Phase 1 : Time (s): cpu = 00:00:05 ; elapsed = 00:00:06 . Memory (MB): peak = 445.215 ; gain = 202.180
---------------------------------------------------------------------------------
INFO: [Device 21-403] Loading part xc7a35tcpg236-1
INFO: [Project 1-570] Preparing netlist for logic optimization

Processing XDC Constraints
Initializing timing engine
Parsing XDC File [E:/private/vivado_works/single_period_CPU/single_period_CPU.srcs/constrs_1/new/Single_Period_CPU.xdc]
Finished Parsing XDC File [E:/private/vivado_works/single_period_CPU/single_period_CPU.srcs/constrs_1/new/Single_Period_CPU.xdc]
INFO: [Project 1-236] Implementation specific constraints were found while reading constraint file [E:/private/vivado_works/single_period_CPU/single_period_CPU.srcs/constrs_1/new/Single_Period_CPU.xdc]. These constraints will be ignored for synthesis but will be used in implementation. Impacted constraints are listed in the file [.Xil/CPU_propImpl.xdc].
Resolution: To avoid this warning, move constraints listed in [.Xil/CPU_propImpl.xdc] to another XDC file and exclude this new file from synthesis with the used_in_synthesis property (File Properties dialog in GUI) and re-run elaboration/synthesis.
Completed Processing XDC Constraints

INFO: [Project 1-111] Unisim Transformation Summary:
No Unisim elements were transformed.

Constraint Validation Runtime : Time (s): cpu = 00:00:00 ; elapsed = 00:00:00.002 . Memory (MB): peak = 782.391 ; gain = 0.000
---------------------------------------------------------------------------------
Finished Constraint Validation : Time (s): cpu = 00:00:12 ; elapsed = 00:00:15 . Memory (MB): peak = 782.391 ; gain = 539.355
---------------------------------------------------------------------------------
---------------------------------------------------------------------------------
Start Loading Part and Timing Information
---------------------------------------------------------------------------------
Loading part: xc7a35tcpg236-1
---------------------------------------------------------------------------------
Finished Loading Part and Timing Information : Time (s): cpu = 00:00:12 ; elapsed = 00:00:15 . Memory (MB): peak = 782.391 ; gain = 539.355
---------------------------------------------------------------------------------
---------------------------------------------------------------------------------
Start Applying 'set_property' XDC Constraints
---------------------------------------------------------------------------------
---------------------------------------------------------------------------------
Finished applying 'set_property' XDC Constraints : Time (s): cpu = 00:00:12 ; elapsed = 00:00:15 . Memory (MB): peak = 782.391 ; gain = 539.355
---------------------------------------------------------------------------------
INFO: [Synth 8-5545] ROM "count" won't be mapped to RAM because address size (32) is larger than maximum supported(25)
INFO: [Synth 8-5545] ROM "DIVed_CLOCK" won't be mapped to RAM because address size (32) is larger than maximum supported(25)
INFO: [Synth 8-5545] ROM "ZERO" won't be mapped to RAM because address size (32) is larger than maximum supported(25)
INFO: [Synth 8-5546] ROM "DM_WR" won't be mapped to RAM because it is too sparse
INFO: [Synth 8-5587] ROM size for "ALU_SRC_B" is below threshold of ROM address width. It will be mapped to LUTs
INFO: [Synth 8-5546] ROM "ALU_SRC_A" won't be mapped to RAM because it is too sparse
INFO: [Synth 8-5587] ROM size for "ALUop" is below threshold of ROM address width. It will be mapped to LUTs
INFO: [Synth 8-5587] ROM size for "REG_WR" is below threshold of ROM address width. It will be mapped to LUTs
WARNING: [Synth 8-327] inferring latch for variable 'I_DATA_OUT_reg' [E:/private/vivado_works/single_period_CPU/single_period_CPU.srcs/sources_1/new/IM.v:63]
WARNING: [Synth 8-327] inferring latch for variable 'I_STORAGE_reg[255]' [E:/private/vivado_works/single_period_CPU/single_period_CPU.srcs/sources_1/new/IM.v:63]
WARNING: [Synth 8-327] inferring latch for variable 'I_STORAGE_reg[254]' [E:/private/vivado_works/single_period_CPU/single_period_CPU.srcs/sources_1/new/IM.v:63]
WARNING: [Synth 8-327] inferring latch for variable 'I_STORAGE_reg[253]' [E:/private/vivado_works/single_period_CPU/single_period_CPU.srcs/sources_1/new/IM.v:63]
WARNING: [Synth 8-327] inferring latch for variable 'I_STORAGE_reg[252]' [E:/private/vivado_works/single_period_CPU/single_period_CPU.srcs/sources_1/new/IM.v:63]
WARNING: [Synth 8-327] inferring latch for variable 'I_STORAGE_reg[251]' [E:/private/vivado_works/single_period_CPU/single_period_CPU.srcs/sources_1/new/IM.v:63]
WARNING: [Synth 8-327] inferring latch for variable 'I_STORAGE_reg[250]' [E:/private/vivado_works/single_period_CPU/single_period_CPU.srcs/sources_1/new/IM.v:63]
WARNING: [Synth 8-327] inferring latch for variable 'I_STORAGE_reg[249]' [E:/private/vivado_works/single_period_CPU/single_period_CPU.srcs/sources_1/new/IM.v:63]
WARNING: [Synth 8-327] inferring latch for variable 'I_STORAGE_reg[248]' [E:/private/vivado_works/single_period_CPU/single_period_CPU.srcs/sources_1/new/IM.v:63]
WARNING: [Synth 8-327] inferring latch for variable 'I_STORAGE_reg[247]' [E:/private/vivado_works/single_period_CPU/single_period_CPU.srcs/sources_1/new/IM.v:63]
WARNING: [Synth 8-327] inferring latch for variable 'I_STORAGE_reg[246]' [E:/private/vivado_works/single_period_CPU/single_period_CPU.srcs/sources_1/new/IM.v:63]
WARNING: [Synth 8-327] inferring latch for variable 'I_STORAGE_reg[245]' [E:/private/vivado_works/single_period_CPU/single_period_CPU.srcs/sources_1/new/IM.v:63]
WARNING: [Synth 8-327] inferring latch for variable 'I_STORAGE_reg[244]' [E:/private/vivado_works/single_period_CPU/single_period_CPU.srcs/sources_1/new/IM.v:63]
WARNING: [Synth 8-327] inferring latch for variable 'I_STORAGE_reg[243]' [E:/private/vivado_works/single_period_CPU/single_period_CPU.srcs/sources_1/new/IM.v:63]
WARNING: [Synth 8-327] inferring latch for variable 'I_STORAGE_reg[242]' [E:/private/vivado_works/single_period_CPU/single_period_CPU.srcs/sources_1/new/IM.v:63]
WARNING: [Synth 8-327] inferring latch for variable 'I_STORAGE_reg[241]' [E:/private/vivado_works/single_period_CPU/single_period_CPU.srcs/sources_1/new/IM.v:63]
WARNING: [Synth 8-327] inferring latch for variable 'I_STORAGE_reg[240]' [E:/private/vivado_works/single_period_CPU/single_period_CPU.srcs/sources_1/new/IM.v:63]
WARNING: [Synth 8-327] inferring latch for variable 'I_STORAGE_reg[239]' [E:/private/vivado_works/single_period_CPU/single_period_CPU.srcs/sources_1/new/IM.v:63]
WARNING: [Synth 8-327] inferring latch for variable 'I_STORAGE_reg[238]' [E:/private/vivado_works/single_period_CPU/single_period_CPU.srcs/sources_1/new/IM.v:63]
WARNING: [Synth 8-327] inferring latch for variable 'I_STORAGE_reg[237]' [E:/private/vivado_works/single_period_CPU/single_period_CPU.srcs/sources_1/new/IM.v:63]
WARNING: [Synth 8-327] inferring latch for variable 'I_STORAGE_reg[236]' [E:/private/vivado_works/single_period_CPU/single_period_CPU.srcs/sources_1/new/IM.v:63]
WARNING: [Synth 8-327] inferring latch for variable 'I_STORAGE_reg[235]' [E:/private/vivado_works/single_period_CPU/single_period_CPU.srcs/sources_1/new/IM.v:63]
WARNING: [Synth 8-327] inferring latch for variable 'I_STORAGE_reg[234]' [E:/private/vivado_works/single_period_CPU/single_period_CPU.srcs/sources_1/new/IM.v:63]
WARNING: [Synth 8-327] inferring latch for variable 'I_STORAGE_reg[233]' [E:/private/vivado_works/single_period_CPU/single_period_CPU.srcs/sources_1/new/IM.v:63]
WARNING: [Synth 8-327] inferring latch for variable 'I_STORAGE_reg[232]' [E:/private/vivado_works/single_period_CPU/single_period_CPU.srcs/sources_1/new/IM.v:63]
WARNING: [Synth 8-327] inferring latch for variable 'I_STORAGE_reg[231]' [E:/private/vivado_works/single_period_CPU/single_period_CPU.srcs/sources_1/new/IM.v:63]
WARNING: [Synth 8-327] inferring latch for variable 'I_STORAGE_reg[230]' [E:/private/vivado_works/single_period_CPU/single_period_CPU.srcs/sources_1/new/IM.v:63]
WARNING: [Synth 8-327] inferring latch for variable 'I_STORAGE_reg[229]' [E:/private/vivado_works/single_period_CPU/single_period_CPU.srcs/sources_1/new/IM.v:63]
WARNING: [Synth 8-327] inferring latch for variable 'I_STORAGE_reg[228]' [E:/private/vivado_works/single_period_CPU/single_period_CPU.srcs/sources_1/new/IM.v:63]
WARNING: [Synth 8-327] inferring latch for variable 'I_STORAGE_reg[227]' [E:/private/vivado_works/single_period_CPU/single_period_CPU.srcs/sources_1/new/IM.v:63]
WARNING: [Synth 8-327] inferring latch for variable 'I_STORAGE_reg[226]' [E:/private/vivado_works/single_period_CPU/single_period_CPU.srcs/sources_1/new/IM.v:63]
WARNING: [Synth 8-327] inferring latch for variable 'I_STORAGE_reg[225]' [E:/private/vivado_works/single_period_CPU/single_period_CPU.srcs/sources_1/new/IM.v:63]
WARNING: [Synth 8-327] inferring latch for variable 'I_STORAGE_reg[224]' [E:/private/vivado_works/single_period_CPU/single_period_CPU.srcs/sources_1/new/IM.v:63]
WARNING: [Synth 8-327] inferring latch for variable 'I_STORAGE_reg[223]' [E:/private/vivado_works/single_period_CPU/single_period_CPU.srcs/sources_1/new/IM.v:63]
WARNING: [Synth 8-327] inferring latch for variable 'I_STORAGE_reg[222]' [E:/private/vivado_works/single_period_CPU/single_period_CPU.srcs/sources_1/new/IM.v:63]
WARNING: [Synth 8-327] inferring latch for variable 'I_STORAGE_reg[221]' [E:/private/vivado_works/single_period_CPU/single_period_CPU.srcs/sources_1/new/IM.v:63]
WARNING: [Synth 8-327] inferring latch for variable 'I_STORAGE_reg[220]' [E:/private/vivado_works/single_period_CPU/single_period_CPU.srcs/sources_1/new/IM.v:63]
WARNING: [Synth 8-327] inferring latch for variable 'I_STORAGE_reg[219]' [E:/private/vivado_works/single_period_CPU/single_period_CPU.srcs/sources_1/new/IM.v:63]
WARNING: [Synth 8-327] inferring latch for variable 'I_STORAGE_reg[218]' [E:/private/vivado_works/single_period_CPU/single_period_CPU.srcs/sources_1/new/IM.v:63]
WARNING: [Synth 8-327] inferring latch for variable 'I_STORAGE_reg[217]' [E:/private/vivado_works/single_period_CPU/single_period_CPU.srcs/sources_1/new/IM.v:63]
WARNING: [Synth 8-327] inferring latch for variable 'I_STORAGE_reg[216]' [E:/private/vivado_works/single_period_CPU/single_period_CPU.srcs/sources_1/new/IM.v:63]
WARNING: [Synth 8-327] inferring latch for variable 'I_STORAGE_reg[215]' [E:/private/vivado_works/single_period_CPU/single_period_CPU.srcs/sources_1/new/IM.v:63]
WARNING: [Synth 8-327] inferring latch for variable 'I_STORAGE_reg[214]' [E:/private/vivado_works/single_period_CPU/single_period_CPU.srcs/sources_1/new/IM.v:63]
WARNING: [Synth 8-327] inferring latch for variable 'I_STORAGE_reg[213]' [E:/private/vivado_works/single_period_CPU/single_period_CPU.srcs/sources_1/new/IM.v:63]
WARNING: [Synth 8-327] inferring latch for variable 'I_STORAGE_reg[212]' [E:/private/vivado_works/single_period_CPU/single_period_CPU.srcs/sources_1/new/IM.v:63]
WARNING: [Synth 8-327] inferring latch for variable 'I_STORAGE_reg[211]' [E:/private/vivado_works/single_period_CPU/single_period_CPU.srcs/sources_1/new/IM.v:63]
WARNING: [Synth 8-327] inferring latch for variable 'I_STORAGE_reg[210]' [E:/private/vivado_works/single_period_CPU/single_period_CPU.srcs/sources_1/new/IM.v:63]
WARNING: [Synth 8-327] inferring latch for variable 'I_STORAGE_reg[209]' [E:/private/vivado_works/single_period_CPU/single_period_CPU.srcs/sources_1/new/IM.v:63]
WARNING: [Synth 8-327] inferring latch for variable 'I_STORAGE_reg[208]' [E:/private/vivado_works/single_period_CPU/single_period_CPU.srcs/sources_1/new/IM.v:63]
WARNING: [Synth 8-327] inferring latch for variable 'I_STORAGE_reg[207]' [E:/private/vivado_works/single_period_CPU/single_period_CPU.srcs/sources_1/new/IM.v:63]
WARNING: [Synth 8-327] inferring latch for variable 'I_STORAGE_reg[206]' [E:/private/vivado_works/single_period_CPU/single_period_CPU.srcs/sources_1/new/IM.v:63]
WARNING: [Synth 8-327] inferring latch for variable 'I_STORAGE_reg[205]' [E:/private/vivado_works/single_period_CPU/single_period_CPU.srcs/sources_1/new/IM.v:63]
WARNING: [Synth 8-327] inferring latch for variable 'I_STORAGE_reg[204]' [E:/private/vivado_works/single_period_CPU/single_period_CPU.srcs/sources_1/new/IM.v:63]
WARNING: [Synth 8-327] inferring latch for variable 'I_STORAGE_reg[203]' [E:/private/vivado_works/single_period_CPU/single_period_CPU.srcs/sources_1/new/IM.v:63]
WARNING: [Synth 8-327] inferring latch for variable 'I_STORAGE_reg[202]' [E:/private/vivado_works/single_period_CPU/single_period_CPU.srcs/sources_1/new/IM.v:63]
WARNING: [Synth 8-327] inferring latch for variable 'I_STORAGE_reg[201]' [E:/private/vivado_works/single_period_CPU/single_period_CPU.srcs/sources_1/new/IM.v:63]
WARNING: [Synth 8-327] inferring latch for variable 'I_STORAGE_reg[200]' [E:/private/vivado_works/single_period_CPU/single_period_CPU.srcs/sources_1/new/IM.v:63]
WARNING: [Synth 8-327] inferring latch for variable 'I_STORAGE_reg[199]' [E:/private/vivado_works/single_period_CPU/single_period_CPU.srcs/sources_1/new/IM.v:63]
WARNING: [Synth 8-327] inferring latch for variable 'I_STORAGE_reg[198]' [E:/private/vivado_works/single_period_CPU/single_period_CPU.srcs/sources_1/new/IM.v:63]
WARNING: [Synth 8-327] inferring latch for variable 'I_STORAGE_reg[197]' [E:/private/vivado_works/single_period_CPU/single_period_CPU.srcs/sources_1/new/IM.v:63]
WARNING: [Synth 8-327] inferring latch for variable 'I_STORAGE_reg[196]' [E:/private/vivado_works/single_period_CPU/single_period_CPU.srcs/sources_1/new/IM.v:63]
WARNING: [Synth 8-327] inferring latch for variable 'I_STORAGE_reg[195]' [E:/private/vivado_works/single_period_CPU/single_period_CPU.srcs/sources_1/new/IM.v:63]
WARNING: [Synth 8-327] inferring latch for variable 'I_STORAGE_reg[194]' [E:/private/vivado_works/single_period_CPU/single_period_CPU.srcs/sources_1/new/IM.v:63]
WARNING: [Synth 8-327] inferring latch for variable 'I_STORAGE_reg[193]' [E:/private/vivado_works/single_period_CPU/single_period_CPU.srcs/sources_1/new/IM.v:63]
WARNING: [Synth 8-327] inferring latch for variable 'I_STORAGE_reg[192]' [E:/private/vivado_works/single_period_CPU/single_period_CPU.srcs/sources_1/new/IM.v:63]
WARNING: [Synth 8-327] inferring latch for variable 'I_STORAGE_reg[191]' [E:/private/vivado_works/single_period_CPU/single_period_CPU.srcs/sources_1/new/IM.v:63]
WARNING: [Synth 8-327] inferring latch for variable 'I_STORAGE_reg[190]' [E:/private/vivado_works/single_period_CPU/single_period_CPU.srcs/sources_1/new/IM.v:63]
WARNING: [Synth 8-327] inferring latch for variable 'I_STORAGE_reg[189]' [E:/private/vivado_works/single_period_CPU/single_period_CPU.srcs/sources_1/new/IM.v:63]
WARNING: [Synth 8-327] inferring latch for variable 'I_STORAGE_reg[188]' [E:/private/vivado_works/single_period_CPU/single_period_CPU.srcs/sources_1/new/IM.v:63]
WARNING: [Synth 8-327] inferring latch for variable 'I_STORAGE_reg[187]' [E:/private/vivado_works/single_period_CPU/single_period_CPU.srcs/sources_1/new/IM.v:63]
WARNING: [Synth 8-327] inferring latch for variable 'I_STORAGE_reg[186]' [E:/private/vivado_works/single_period_CPU/single_period_CPU.srcs/sources_1/new/IM.v:63]
WARNING: [Synth 8-327] inferring latch for variable 'I_STORAGE_reg[185]' [E:/private/vivado_works/single_period_CPU/single_period_CPU.srcs/sources_1/new/IM.v:63]
WARNING: [Synth 8-327] inferring latch for variable 'I_STORAGE_reg[184]' [E:/private/vivado_works/single_period_CPU/single_period_CPU.srcs/sources_1/new/IM.v:63]
WARNING: [Synth 8-327] inferring latch for variable 'I_STORAGE_reg[183]' [E:/private/vivado_works/single_period_CPU/single_period_CPU.srcs/sources_1/new/IM.v:63]
WARNING: [Synth 8-327] inferring latch for variable 'I_STORAGE_reg[182]' [E:/private/vivado_works/single_period_CPU/single_period_CPU.srcs/sources_1/new/IM.v:63]
WARNING: [Synth 8-327] inferring latch for variable 'I_STORAGE_reg[181]' [E:/private/vivado_works/single_period_CPU/single_period_CPU.srcs/sources_1/new/IM.v:63]
WARNING: [Synth 8-327] inferring latch for variable 'I_STORAGE_reg[180]' [E:/private/vivado_works/single_period_CPU/single_period_CPU.srcs/sources_1/new/IM.v:63]
WARNING: [Synth 8-327] inferring latch for variable 'I_STORAGE_reg[179]' [E:/private/vivado_works/single_period_CPU/single_period_CPU.srcs/sources_1/new/IM.v:63]
WARNING: [Synth 8-327] inferring latch for variable 'I_STORAGE_reg[178]' [E:/private/vivado_works/single_period_CPU/single_period_CPU.srcs/sources_1/new/IM.v:63]
WARNING: [Synth 8-327] inferring latch for variable 'I_STORAGE_reg[177]' [E:/private/vivado_works/single_period_CPU/single_period_CPU.srcs/sources_1/new/IM.v:63]
WARNING: [Synth 8-327] inferring latch for variable 'I_STORAGE_reg[176]' [E:/private/vivado_works/single_period_CPU/single_period_CPU.srcs/sources_1/new/IM.v:63]
WARNING: [Synth 8-327] inferring latch for variable 'I_STORAGE_reg[175]' [E:/private/vivado_works/single_period_CPU/single_period_CPU.srcs/sources_1/new/IM.v:63]
WARNING: [Synth 8-327] inferring latch for variable 'I_STORAGE_reg[174]' [E:/private/vivado_works/single_period_CPU/single_period_CPU.srcs/sources_1/new/IM.v:63]
WARNING: [Synth 8-327] inferring latch for variable 'I_STORAGE_reg[173]' [E:/private/vivado_works/single_period_CPU/single_period_CPU.srcs/sources_1/new/IM.v:63]
WARNING: [Synth 8-327] inferring latch for variable 'I_STORAGE_reg[172]' [E:/private/vivado_works/single_period_CPU/single_period_CPU.srcs/sources_1/new/IM.v:63]
WARNING: [Synth 8-327] inferring latch for variable 'I_STORAGE_reg[171]' [E:/private/vivado_works/single_period_CPU/single_period_CPU.srcs/sources_1/new/IM.v:63]
WARNING: [Synth 8-327] inferring latch for variable 'I_STORAGE_reg[170]' [E:/private/vivado_works/single_period_CPU/single_period_CPU.srcs/sources_1/new/IM.v:63]
WARNING: [Synth 8-327] inferring latch for variable 'I_STORAGE_reg[169]' [E:/private/vivado_works/single_period_CPU/single_period_CPU.srcs/sources_1/new/IM.v:63]
WARNING: [Synth 8-327] inferring latch for variable 'I_STORAGE_reg[168]' [E:/private/vivado_works/single_period_CPU/single_period_CPU.srcs/sources_1/new/IM.v:63]
WARNING: [Synth 8-327] inferring latch for variable 'I_STORAGE_reg[167]' [E:/private/vivado_works/single_period_CPU/single_period_CPU.srcs/sources_1/new/IM.v:63]
WARNING: [Synth 8-327] inferring latch for variable 'I_STORAGE_reg[166]' [E:/private/vivado_works/single_period_CPU/single_period_CPU.srcs/sources_1/new/IM.v:63]
WARNING: [Synth 8-327] inferring latch for variable 'I_STORAGE_reg[165]' [E:/private/vivado_works/single_period_CPU/single_period_CPU.srcs/sources_1/new/IM.v:63]
WARNING: [Synth 8-327] inferring latch for variable 'I_STORAGE_reg[164]' [E:/private/vivado_works/single_period_CPU/single_period_CPU.srcs/sources_1/new/IM.v:63]
WARNING: [Synth 8-327] inferring latch for variable 'I_STORAGE_reg[163]' [E:/private/vivado_works/single_period_CPU/single_period_CPU.srcs/sources_1/new/IM.v:63]
WARNING: [Synth 8-327] inferring latch for variable 'I_STORAGE_reg[162]' [E:/private/vivado_works/single_period_CPU/single_period_CPU.srcs/sources_1/new/IM.v:63]
WARNING: [Synth 8-327] inferring latch for variable 'I_STORAGE_reg[161]' [E:/private/vivado_works/single_period_CPU/single_period_CPU.srcs/sources_1/new/IM.v:63]
WARNING: [Synth 8-327] inferring latch for variable 'I_STORAGE_reg[160]' [E:/private/vivado_works/single_period_CPU/single_period_CPU.srcs/sources_1/new/IM.v:63]
WARNING: [Synth 8-327] inferring latch for variable 'I_STORAGE_reg[159]' [E:/private/vivado_works/single_period_CPU/single_period_CPU.srcs/sources_1/new/IM.v:63]
WARNING: [Synth 8-327] inferring latch for variable 'I_STORAGE_reg[158]' [E:/private/vivado_works/single_period_CPU/single_period_CPU.srcs/sources_1/new/IM.v:63]
WARNING: [Synth 8-327] inferring latch for variable 'I_STORAGE_reg[157]' [E:/private/vivado_works/single_period_CPU/single_period_CPU.srcs/sources_1/new/IM.v:63]
INFO: [Common 17-14] Message 'Synth 8-327' appears 100 times and further instances of the messages will be disabled. Use the Tcl command set_msg_config to change the current settings.
---------------------------------------------------------------------------------
Finished RTL Optimization Phase 2 : Time (s): cpu = 00:00:27 ; elapsed = 00:00:43 . Memory (MB): peak = 782.391 ; gain = 539.355
---------------------------------------------------------------------------------

Report RTL Partitions: 
+------+--------------+------------+----------+
|      |RTL Partition |Replication |Instances |
+------+--------------+------------+----------+
|1     |IM__GB0       |           1|     41981|
|2     |IM__GB1       |           1|     14165|
|3     |IM__GB2       |           1|     19799|
|4     |IM__GB3       |           1|     23884|
|5     |IM__GB4       |           1|     30251|
|6     |IM__GB5       |           1|     37677|
|7     |IM__GB6       |           1|     47025|
|8     |IM__GB7       |           1|     58770|
|9     |IM__GB8       |           1|     48468|
|10    |IM__GB9       |           1|     25053|
|11    |IM__GB10      |           1|     48367|
|12    |IM__GB11      |           1|     43581|
|13    |CPU__GC0      |           1|     13595|
+------+--------------+------------+----------+
---------------------------------------------------------------------------------
Start RTL Component Statistics 
---------------------------------------------------------------------------------
Detailed RTL Component Info : 
+---Adders : 
	   2 Input     32 Bit       Adders := 4     
	   3 Input     32 Bit       Adders := 1     
	   2 Input      2 Bit       Adders := 1     
+---XORs : 
	   2 Input     32 Bit         XORs := 1     
+---Registers : 
	               32 Bit    Registers := 34    
	                2 Bit    Registers := 1     
	                1 Bit    Registers := 1     
+---Muxes : 
	   2 Input     32 Bit        Muxes := 69    
	   4 Input     32 Bit        Muxes := 1     
	   2 Input      8 Bit        Muxes := 254   
	   4 Input      8 Bit        Muxes := 146   
	   2 Input      5 Bit        Muxes := 2     
	  19 Input      5 Bit        Muxes := 1     
	   4 Input      4 Bit        Muxes := 2     
	   4 Input      2 Bit        Muxes := 16    
	  19 Input      2 Bit        Muxes := 3     
	   5 Input      1 Bit        Muxes := 192   
	   2 Input      1 Bit        Muxes := 324   
	   4 Input      1 Bit        Muxes := 64    
	  10 Input      1 Bit        Muxes := 4     
	  19 Input      1 Bit        Muxes := 13    
	   3 Input      1 Bit        Muxes := 3     
---------------------------------------------------------------------------------
Finished RTL Component Statistics 
---------------------------------------------------------------------------------
---------------------------------------------------------------------------------
Start RTL Hierarchical Component Statistics 
---------------------------------------------------------------------------------
Hierarchical RTL Component report 
Module CPU 
Detailed RTL Component Info : 
+---Adders : 
	   2 Input      2 Bit       Adders := 1     
+---Registers : 
	                2 Bit    Registers := 1     
+---Muxes : 
	   4 Input      8 Bit        Muxes := 2     
	   4 Input      4 Bit        Muxes := 2     
Module IM 
Detailed RTL Component Info : 
+---Muxes : 
	   2 Input      8 Bit        Muxes := 254   
	   4 Input      8 Bit        Muxes := 144   
	   4 Input      2 Bit        Muxes := 16    
	   5 Input      1 Bit        Muxes := 192   
	   2 Input      1 Bit        Muxes := 253   
	   4 Input      1 Bit        Muxes := 64    
Module CLOCK_DIV 
Detailed RTL Component Info : 
+---Adders : 
	   2 Input     32 Bit       Adders := 1     
+---Registers : 
	               32 Bit    Registers := 1     
	                1 Bit    Registers := 1     
+---Muxes : 
	   2 Input     32 Bit        Muxes := 1     
	   2 Input      1 Bit        Muxes := 1     
Module adder__1 
Detailed RTL Component Info : 
+---Adders : 
	   2 Input     32 Bit       Adders := 1     
Module adder 
Detailed RTL Component Info : 
+---Adders : 
	   2 Input     32 Bit       Adders := 1     
Module MUX_2bits 
Detailed RTL Component Info : 
+---Muxes : 
	   4 Input     32 Bit        Muxes := 1     
Module PC 
Detailed RTL Component Info : 
+---Registers : 
	               32 Bit    Registers := 1     
Module MUX_1bit_5 
Detailed RTL Component Info : 
+---Muxes : 
	   2 Input      5 Bit        Muxes := 1     
Module RF 
Detailed RTL Component Info : 
+---Registers : 
	               32 Bit    Registers := 32    
+---Muxes : 
	   2 Input     32 Bit        Muxes := 64    
	   2 Input      1 Bit        Muxes := 64    
Module MUX_1bit_32__1 
Detailed RTL Component Info : 
+---Muxes : 
	   2 Input     32 Bit        Muxes := 1     
Module EXT 
Detailed RTL Component Info : 
+---Muxes : 
	   2 Input     32 Bit        Muxes := 1     
Module MUX_1bit_32__2 
Detailed RTL Component Info : 
+---Muxes : 
	   2 Input     32 Bit        Muxes := 1     
Module MUX_1bit_32 
Detailed RTL Component Info : 
+---Muxes : 
	   2 Input     32 Bit        Muxes := 1     
Module ALU 
Detailed RTL Component Info : 
+---Adders : 
	   2 Input     32 Bit       Adders := 1     
	   3 Input     32 Bit       Adders := 1     
+---XORs : 
	   2 Input     32 Bit         XORs := 1     
+---Muxes : 
	   2 Input      1 Bit        Muxes := 3     
	  10 Input      1 Bit        Muxes := 1     
Module CU 
Detailed RTL Component Info : 
+---Muxes : 
	   2 Input      5 Bit        Muxes := 1     
	  19 Input      5 Bit        Muxes := 1     
	  19 Input      2 Bit        Muxes := 3     
	  19 Input      1 Bit        Muxes := 13    
	   3 Input      1 Bit        Muxes := 3     
	   2 Input      1 Bit        Muxes := 3     
	  10 Input      1 Bit        Muxes := 3     
---------------------------------------------------------------------------------
Finished RTL Hierarchical Component Statistics
---------------------------------------------------------------------------------
---------------------------------------------------------------------------------
Start Part Resource Summary
---------------------------------------------------------------------------------
Part Resources:
DSPs: 90 (col length:60)
BRAMs: 100 (col length: RAMB18 60 RAMB36 30)
---------------------------------------------------------------------------------
Finished Part Resource Summary
---------------------------------------------------------------------------------
INFO: [Synth 8-5580] Multithreading enabled for synth_design using a maximum of 2 processes.
---------------------------------------------------------------------------------
Start Cross Boundary and Area Optimization
---------------------------------------------------------------------------------
INFO: [Synth 8-5545] ROM "p_0_out" won't be mapped to RAM because address size (32) is larger than maximum supported(25)
INFO: [Synth 8-5545] ROM "p_0_out" won't be mapped to RAM because address size (32) is larger than maximum supported(25)
INFO: [Synth 8-5545] ROM "p_0_out" won't be mapped to RAM because address size (32) is larger than maximum supported(25)
INFO: [Synth 8-5546] ROM "p_0_out" won't be mapped to RAM because it is too sparse
INFO: [Synth 8-5546] ROM "p_0_out" won't be mapped to RAM because it is too sparse
INFO: [Synth 8-5546] ROM "p_0_out" won't be mapped to RAM because it is too sparse
INFO: [Synth 8-5546] ROM "p_0_out" won't be mapped to RAM because it is too sparse
INFO: [Synth 8-5546] ROM "p_0_out" won't be mapped to RAM because it is too sparse
INFO: [Synth 8-5546] ROM "p_0_out" won't be mapped to RAM because it is too sparse
INFO: [Synth 8-5546] ROM "p_0_out" won't be mapped to RAM because it is too sparse
INFO: [Synth 8-5546] ROM "p_0_out" won't be mapped to RAM because it is too sparse
INFO: [Synth 8-5545] ROM "clk_div/count" won't be mapped to RAM because address size (32) is larger than maximum supported(25)
INFO: [Synth 8-5545] ROM "clk_div/DIVed_CLOCK" won't be mapped to RAM because address size (32) is larger than maximum supported(25)
INFO: [Synth 8-5545] ROM "alu/ZERO" won't be mapped to RAM because address size (32) is larger than maximum supported(25)
---------------------------------------------------------------------------------
Finished Cross Boundary and Area Optimization : Time (s): cpu = 00:01:12 ; elapsed = 00:02:07 . Memory (MB): peak = 782.391 ; gain = 539.355
---------------------------------------------------------------------------------
---------------------------------------------------------------------------------
Start ROM, RAM, DSP and Shift Register Reporting
---------------------------------------------------------------------------------

Distributed RAM: Preliminary Mapping  Report (see note below)
+------------+----------------+-----------+----------------------+------------------+
|Module Name | RTL Object     | Inference | Size (Depth x Width) | Primitives       | 
+------------+----------------+-----------+----------------------+------------------+
|CPU__GC0    | dm/MEMORYs_reg | Implied   | 256 x 32             | RAM256X1S x 32   | 
+------------+----------------+-----------+----------------------+------------------+

Note: The table above is a preliminary report that shows the Distributed RAMs at the current stage of the synthesis flow. Some Distributed RAMs may be reimplemented as non Distributed RAM primitives later in the synthesis flow. Multiple instantiated RAMs are reported only once.
---------------------------------------------------------------------------------
Finished ROM, RAM, DSP and Shift Register Reporting
---------------------------------------------------------------------------------

Report RTL Partitions: 
+------+--------------+------------+----------+
|      |RTL Partition |Replication |Instances |
+------+--------------+------------+----------+
|1     |IM__GB0       |           1|     15625|
|2     |IM__GB1       |           1|       252|
|3     |IM__GB2       |           1|        96|
|4     |IM__GB3       |           1|       114|
|5     |IM__GB4       |           1|       148|
|6     |IM__GB5       |           1|       161|
|7     |IM__GB6       |           1|       183|
|8     |IM__GB7       |           1|       291|
|9     |IM__GB8       |           1|       149|
|10    |IM__GB9       |           1|       156|
|11    |IM__GB10      |           1|       126|
|12    |IM__GB11      |           1|       222|
|13    |CPU__GC0      |           1|      6446|
+------+--------------+------------+----------+
---------------------------------------------------------------------------------
Start Applying XDC Timing Constraints
---------------------------------------------------------------------------------
---------------------------------------------------------------------------------
Finished Applying XDC Timing Constraints : Time (s): cpu = 00:01:17 ; elapsed = 00:02:14 . Memory (MB): peak = 824.941 ; gain = 581.906
---------------------------------------------------------------------------------
---------------------------------------------------------------------------------
Start Timing Optimization
---------------------------------------------------------------------------------
INFO: [Synth 8-3333] propagating constant 0 across sequential element (imi_0/\I_STORAGE_reg[1][0] )
INFO: [Synth 8-3333] propagating constant 0 across sequential element (imi_0/\I_STORAGE_reg[0][0] )
INFO: [Synth 8-3886] merging instance 'imi_0/I_STORAGE_reg[255][0]' (LD) to 'imi_0/I_STORAGE_reg[255][1]'
INFO: [Synth 8-3886] merging instance 'imi_0/I_STORAGE_reg[254][0]' (LD) to 'imi_0/I_STORAGE_reg[254][1]'
INFO: [Synth 8-3886] merging instance 'imi_0/I_STORAGE_reg[253][0]' (LD) to 'imi_0/I_STORAGE_reg[253][1]'
INFO: [Synth 8-3886] merging instance 'imi_0/I_STORAGE_reg[252][0]' (LD) to 'imi_0/I_STORAGE_reg[252][1]'
INFO: [Synth 8-3886] merging instance 'imi_0/I_STORAGE_reg[251][0]' (LD) to 'imi_0/I_STORAGE_reg[251][1]'
INFO: [Synth 8-3886] merging instance 'imi_0/I_STORAGE_reg[250][0]' (LD) to 'imi_0/I_STORAGE_reg[250][1]'
INFO: [Synth 8-3886] merging instance 'imi_0/I_STORAGE_reg[249][0]' (LD) to 'imi_0/I_STORAGE_reg[249][1]'
INFO: [Synth 8-3886] merging instance 'imi_0/I_STORAGE_reg[248][0]' (LD) to 'imi_0/I_STORAGE_reg[248][1]'
INFO: [Synth 8-3886] merging instance 'imi_0/I_STORAGE_reg[247][0]' (LD) to 'imi_0/I_STORAGE_reg[247][1]'
INFO: [Synth 8-3886] merging instance 'imi_0/I_STORAGE_reg[246][0]' (LD) to 'imi_0/I_STORAGE_reg[246][1]'
INFO: [Synth 8-3886] merging instance 'imi_0/I_STORAGE_reg[245][0]' (LD) to 'imi_0/I_STORAGE_reg[245][1]'
INFO: [Synth 8-3886] merging instance 'imi_0/I_STORAGE_reg[244][0]' (LD) to 'imi_0/I_STORAGE_reg[244][1]'
INFO: [Synth 8-3886] merging instance 'imi_0/I_STORAGE_reg[243][0]' (LD) to 'imi_0/I_STORAGE_reg[243][1]'
INFO: [Synth 8-3886] merging instance 'imi_0/I_STORAGE_reg[242][0]' (LD) to 'imi_0/I_STORAGE_reg[242][1]'
INFO: [Synth 8-3886] merging instance 'imi_0/I_STORAGE_reg[241][0]' (LD) to 'imi_0/I_STORAGE_reg[241][1]'
INFO: [Synth 8-3886] merging instance 'imi_0/I_STORAGE_reg[240][0]' (LD) to 'imi_0/I_STORAGE_reg[240][1]'
INFO: [Synth 8-3886] merging instance 'imi_0/I_STORAGE_reg[239][0]' (LD) to 'imi_0/I_STORAGE_reg[239][1]'
INFO: [Synth 8-3886] merging instance 'imi_0/I_STORAGE_reg[238][0]' (LD) to 'imi_0/I_STORAGE_reg[238][1]'
INFO: [Synth 8-3886] merging instance 'imi_0/I_STORAGE_reg[237][0]' (LD) to 'imi_0/I_STORAGE_reg[237][1]'
INFO: [Synth 8-3886] merging instance 'imi_0/I_STORAGE_reg[236][0]' (LD) to 'imi_0/I_STORAGE_reg[236][1]'
INFO: [Synth 8-3886] merging instance 'imi_0/I_STORAGE_reg[235][0]' (LD) to 'imi_0/I_STORAGE_reg[235][1]'
INFO: [Synth 8-3886] merging instance 'imi_0/I_STORAGE_reg[234][0]' (LD) to 'imi_0/I_STORAGE_reg[234][1]'
INFO: [Synth 8-3886] merging instance 'imi_0/I_STORAGE_reg[233][0]' (LD) to 'imi_0/I_STORAGE_reg[233][1]'
INFO: [Synth 8-3886] merging instance 'imi_0/I_STORAGE_reg[232][0]' (LD) to 'imi_0/I_STORAGE_reg[232][1]'
INFO: [Synth 8-3886] merging instance 'imi_0/I_STORAGE_reg[231][0]' (LD) to 'imi_0/I_STORAGE_reg[231][1]'
INFO: [Synth 8-3886] merging instance 'imi_0/I_STORAGE_reg[230][0]' (LD) to 'imi_0/I_STORAGE_reg[230][1]'
INFO: [Synth 8-3886] merging instance 'imi_0/I_STORAGE_reg[229][0]' (LD) to 'imi_0/I_STORAGE_reg[229][1]'
INFO: [Synth 8-3886] merging instance 'imi_0/I_STORAGE_reg[228][0]' (LD) to 'imi_0/I_STORAGE_reg[228][1]'
INFO: [Synth 8-3886] merging instance 'imi_0/I_STORAGE_reg[227][0]' (LD) to 'imi_0/I_STORAGE_reg[227][1]'
INFO: [Synth 8-3886] merging instance 'imi_0/I_STORAGE_reg[226][0]' (LD) to 'imi_0/I_STORAGE_reg[226][1]'
INFO: [Synth 8-3886] merging instance 'imi_0/I_STORAGE_reg[225][0]' (LD) to 'imi_0/I_STORAGE_reg[225][1]'
INFO: [Synth 8-3886] merging instance 'imi_0/I_STORAGE_reg[224][0]' (LD) to 'imi_0/I_STORAGE_reg[224][1]'
INFO: [Synth 8-3886] merging instance 'imi_0/I_STORAGE_reg[223][0]' (LD) to 'imi_0/I_STORAGE_reg[223][1]'
INFO: [Synth 8-3886] merging instance 'imi_0/I_STORAGE_reg[222][0]' (LD) to 'imi_0/I_STORAGE_reg[222][1]'
INFO: [Synth 8-3886] merging instance 'imi_0/I_STORAGE_reg[221][0]' (LD) to 'imi_0/I_STORAGE_reg[221][1]'
INFO: [Synth 8-3886] merging instance 'imi_0/I_STORAGE_reg[220][0]' (LD) to 'imi_0/I_STORAGE_reg[220][1]'
INFO: [Synth 8-3886] merging instance 'imi_0/I_STORAGE_reg[219][0]' (LD) to 'imi_0/I_STORAGE_reg[219][1]'
INFO: [Synth 8-3886] merging instance 'imi_0/I_STORAGE_reg[218][0]' (LD) to 'imi_0/I_STORAGE_reg[218][1]'
INFO: [Synth 8-3886] merging instance 'imi_0/I_STORAGE_reg[217][0]' (LD) to 'imi_0/I_STORAGE_reg[217][1]'
INFO: [Synth 8-3886] merging instance 'imi_0/I_STORAGE_reg[216][0]' (LD) to 'imi_0/I_STORAGE_reg[216][1]'
INFO: [Synth 8-3886] merging instance 'imi_0/I_STORAGE_reg[215][0]' (LD) to 'imi_0/I_STORAGE_reg[215][1]'
INFO: [Synth 8-3886] merging instance 'imi_0/I_STORAGE_reg[214][0]' (LD) to 'imi_0/I_STORAGE_reg[214][1]'
INFO: [Synth 8-3886] merging instance 'imi_0/I_STORAGE_reg[213][0]' (LD) to 'imi_0/I_STORAGE_reg[213][1]'
INFO: [Synth 8-3886] merging instance 'imi_0/I_STORAGE_reg[212][0]' (LD) to 'imi_0/I_STORAGE_reg[212][1]'
INFO: [Synth 8-3886] merging instance 'imi_0/I_STORAGE_reg[211][0]' (LD) to 'imi_0/I_STORAGE_reg[211][1]'
INFO: [Synth 8-3886] merging instance 'imi_0/I_STORAGE_reg[210][0]' (LD) to 'imi_0/I_STORAGE_reg[210][1]'
INFO: [Synth 8-3886] merging instance 'imi_0/I_STORAGE_reg[209][0]' (LD) to 'imi_0/I_STORAGE_reg[209][1]'
INFO: [Synth 8-3886] merging instance 'imi_0/I_STORAGE_reg[208][0]' (LD) to 'imi_0/I_STORAGE_reg[208][1]'
INFO: [Synth 8-3886] merging instance 'imi_0/I_STORAGE_reg[207][0]' (LD) to 'imi_0/I_STORAGE_reg[207][1]'
INFO: [Synth 8-3886] merging instance 'imi_0/I_STORAGE_reg[206][0]' (LD) to 'imi_0/I_STORAGE_reg[206][1]'
INFO: [Synth 8-3886] merging instance 'imi_0/I_STORAGE_reg[205][0]' (LD) to 'imi_0/I_STORAGE_reg[205][1]'
INFO: [Synth 8-3886] merging instance 'imi_0/I_STORAGE_reg[204][0]' (LD) to 'imi_0/I_STORAGE_reg[204][1]'
INFO: [Synth 8-3886] merging instance 'imi_0/I_STORAGE_reg[203][0]' (LD) to 'imi_0/I_STORAGE_reg[203][1]'
INFO: [Synth 8-3886] merging instance 'imi_0/I_STORAGE_reg[202][0]' (LD) to 'imi_0/I_STORAGE_reg[202][1]'
INFO: [Synth 8-3886] merging instance 'imi_0/I_STORAGE_reg[201][0]' (LD) to 'imi_0/I_STORAGE_reg[201][1]'
INFO: [Synth 8-3886] merging instance 'imi_0/I_STORAGE_reg[200][0]' (LD) to 'imi_0/I_STORAGE_reg[200][1]'
INFO: [Synth 8-3886] merging instance 'imi_0/I_STORAGE_reg[199][0]' (LD) to 'imi_0/I_STORAGE_reg[199][1]'
INFO: [Synth 8-3886] merging instance 'imi_0/I_STORAGE_reg[198][0]' (LD) to 'imi_0/I_STORAGE_reg[198][1]'
INFO: [Synth 8-3886] merging instance 'imi_0/I_STORAGE_reg[197][0]' (LD) to 'imi_0/I_STORAGE_reg[197][1]'
INFO: [Synth 8-3886] merging instance 'imi_0/I_STORAGE_reg[196][0]' (LD) to 'imi_0/I_STORAGE_reg[196][1]'
INFO: [Synth 8-3886] merging instance 'imi_0/I_STORAGE_reg[195][0]' (LD) to 'imi_0/I_STORAGE_reg[195][1]'
INFO: [Synth 8-3333] propagating constant 0 across sequential element (imi_0/\I_STORAGE_reg[194][0] )
INFO: [Synth 8-3333] propagating constant 0 across sequential element (imi_0/\I_STORAGE_reg[193][0] )
INFO: [Synth 8-3333] propagating constant 0 across sequential element (imi_0/\I_STORAGE_reg[192][0] )
INFO: [Synth 8-3886] merging instance 'imi_0/I_STORAGE_reg[191][0]' (LD) to 'imi_0/I_STORAGE_reg[191][1]'
INFO: [Synth 8-3886] merging instance 'imi_0/I_STORAGE_reg[190][0]' (LD) to 'imi_0/I_STORAGE_reg[190][1]'
INFO: [Synth 8-3886] merging instance 'imi_0/I_STORAGE_reg[189][0]' (LD) to 'imi_0/I_STORAGE_reg[189][1]'
INFO: [Synth 8-3886] merging instance 'imi_0/I_STORAGE_reg[188][0]' (LD) to 'imi_0/I_STORAGE_reg[188][1]'
INFO: [Synth 8-3886] merging instance 'imi_0/I_STORAGE_reg[187][0]' (LD) to 'imi_0/I_STORAGE_reg[187][1]'
INFO: [Synth 8-3886] merging instance 'imi_0/I_STORAGE_reg[186][0]' (LD) to 'imi_0/I_STORAGE_reg[186][1]'
INFO: [Synth 8-3886] merging instance 'imi_0/I_STORAGE_reg[185][0]' (LD) to 'imi_0/I_STORAGE_reg[185][1]'
INFO: [Synth 8-3886] merging instance 'imi_0/I_STORAGE_reg[184][0]' (LD) to 'imi_0/I_STORAGE_reg[184][1]'
INFO: [Synth 8-3886] merging instance 'imi_0/I_STORAGE_reg[183][0]' (LD) to 'imi_0/I_STORAGE_reg[183][1]'
INFO: [Synth 8-3886] merging instance 'imi_0/I_STORAGE_reg[182][0]' (LD) to 'imi_0/I_STORAGE_reg[182][1]'
INFO: [Synth 8-3886] merging instance 'imi_0/I_STORAGE_reg[181][0]' (LD) to 'imi_0/I_STORAGE_reg[181][1]'
INFO: [Synth 8-3886] merging instance 'imi_0/I_STORAGE_reg[180][0]' (LD) to 'imi_0/I_STORAGE_reg[180][1]'
INFO: [Synth 8-3886] merging instance 'imi_0/I_STORAGE_reg[179][0]' (LD) to 'imi_0/I_STORAGE_reg[179][1]'
INFO: [Synth 8-3886] merging instance 'imi_0/I_STORAGE_reg[178][0]' (LD) to 'imi_0/I_STORAGE_reg[178][1]'
INFO: [Synth 8-3886] merging instance 'imi_0/I_STORAGE_reg[177][0]' (LD) to 'imi_0/I_STORAGE_reg[177][1]'
INFO: [Synth 8-3886] merging instance 'imi_0/I_STORAGE_reg[176][0]' (LD) to 'imi_0/I_STORAGE_reg[176][1]'
INFO: [Synth 8-3886] merging instance 'imi_0/I_STORAGE_reg[175][0]' (LD) to 'imi_0/I_STORAGE_reg[175][1]'
INFO: [Synth 8-3886] merging instance 'imi_0/I_STORAGE_reg[174][0]' (LD) to 'imi_0/I_STORAGE_reg[174][1]'
INFO: [Synth 8-3886] merging instance 'imi_0/I_STORAGE_reg[173][0]' (LD) to 'imi_0/I_STORAGE_reg[173][1]'
INFO: [Synth 8-3886] merging instance 'imi_0/I_STORAGE_reg[172][0]' (LD) to 'imi_0/I_STORAGE_reg[172][1]'
INFO: [Synth 8-3886] merging instance 'imi_0/I_STORAGE_reg[171][0]' (LD) to 'imi_0/I_STORAGE_reg[171][1]'
INFO: [Synth 8-3886] merging instance 'imi_0/I_STORAGE_reg[170][0]' (LD) to 'imi_0/I_STORAGE_reg[170][1]'
INFO: [Synth 8-3886] merging instance 'imi_0/I_STORAGE_reg[169][0]' (LD) to 'imi_0/I_STORAGE_reg[169][1]'
INFO: [Synth 8-3886] merging instance 'imi_0/I_STORAGE_reg[168][0]' (LD) to 'imi_0/I_STORAGE_reg[168][1]'
INFO: [Synth 8-3886] merging instance 'imi_0/I_STORAGE_reg[167][0]' (LD) to 'imi_0/I_STORAGE_reg[167][1]'
INFO: [Synth 8-3886] merging instance 'imi_0/I_STORAGE_reg[166][0]' (LD) to 'imi_0/I_STORAGE_reg[166][1]'
INFO: [Synth 8-3886] merging instance 'imi_0/I_STORAGE_reg[165][0]' (LD) to 'imi_0/I_STORAGE_reg[165][1]'
INFO: [Synth 8-3886] merging instance 'imi_0/I_STORAGE_reg[164][0]' (LD) to 'imi_0/I_STORAGE_reg[164][1]'
INFO: [Synth 8-3886] merging instance 'imi_0/I_STORAGE_reg[163][0]' (LD) to 'imi_0/I_STORAGE_reg[163][1]'
INFO: [Synth 8-3886] merging instance 'imi_0/I_STORAGE_reg[162][0]' (LD) to 'imi_0/I_STORAGE_reg[162][1]'
INFO: [Synth 8-3886] merging instance 'imi_0/I_STORAGE_reg[161][0]' (LD) to 'imi_0/I_STORAGE_reg[161][1]'
INFO: [Synth 8-3886] merging instance 'imi_0/I_STORAGE_reg[160][0]' (LD) to 'imi_0/I_STORAGE_reg[160][1]'
INFO: [Synth 8-3886] merging instance 'imi_0/I_STORAGE_reg[159][0]' (LD) to 'imi_0/I_STORAGE_reg[159][1]'
INFO: [Synth 8-3886] merging instance 'imi_0/I_STORAGE_reg[158][0]' (LD) to 'imi_0/I_STORAGE_reg[158][1]'
INFO: [Synth 8-3886] merging instance 'imi_0/I_STORAGE_reg[157][0]' (LD) to 'imi_0/I_STORAGE_reg[157][1]'
INFO: [Synth 8-3886] merging instance 'imi_0/I_STORAGE_reg[156][0]' (LD) to 'imi_0/I_STORAGE_reg[156][1]'
INFO: [Synth 8-3886] merging instance 'imi_0/I_STORAGE_reg[155][0]' (LD) to 'imi_0/I_STORAGE_reg[155][1]'
INFO: [Synth 8-3333] propagating constant 0 across sequential element (imi_0/\I_STORAGE_reg[154][0] )
INFO: [Synth 8-3886] merging instance 'imi_0/I_STORAGE_reg[153][0]' (LD) to 'imi_0/I_STORAGE_reg[153][1]'
INFO: [Synth 8-3886] merging instance 'imi_0/I_STORAGE_reg[152][0]' (LD) to 'imi_0/I_STORAGE_reg[152][1]'
INFO: [Common 17-14] Message 'Synth 8-3886' appears 100 times and further instances of the messages will be disabled. Use the Tcl command set_msg_config to change the current settings.
INFO: [Synth 8-3333] propagating constant 0 across sequential element (imi_0/\I_STORAGE_reg[139][0] )
INFO: [Synth 8-3333] propagating constant 0 across sequential element (imi_0/\I_STORAGE_reg[64][0] )
INFO: [Synth 8-3333] propagating constant 0 across sequential element (imi_0/\I_STORAGE_reg[56][0] )
INFO: [Synth 8-3333] propagating constant 0 across sequential element (imi_0/\I_STORAGE_reg[44][0] )
INFO: [Synth 8-3333] propagating constant 0 across sequential element (imi_0/\I_STORAGE_reg[28][0] )
INFO: [Synth 8-3333] propagating constant 0 across sequential element (imi_0/\I_STORAGE_reg[6][0] )
INFO: [Synth 8-3333] propagating constant 0 across sequential element (imi_0/\I_STORAGE_reg[2][1] )
INFO: [Synth 8-3333] propagating constant 0 across sequential element (imi_0/\I_STORAGE_reg[1][1] )
INFO: [Synth 8-3333] propagating constant 0 across sequential element (imi_0/\I_STORAGE_reg[0][1] )
INFO: [Synth 8-3333] propagating constant 0 across sequential element (imi_0/\I_STORAGE_reg[194][1] )
INFO: [Synth 8-3333] propagating constant 0 across sequential element (imi_0/\I_STORAGE_reg[193][1] )
INFO: [Synth 8-3333] propagating constant 0 across sequential element (imi_0/\I_STORAGE_reg[192][1] )
INFO: [Synth 8-3333] propagating constant 0 across sequential element (imi_0/\I_STORAGE_reg[154][1] )
INFO: [Synth 8-3333] propagating constant 0 across sequential element (imi_0/\I_STORAGE_reg[139][1] )
INFO: [Synth 8-3333] propagating constant 0 across sequential element (imi_0/\I_STORAGE_reg[2][2] )
INFO: [Synth 8-3333] propagating constant 0 across sequential element (imi_0/\I_STORAGE_reg[1][2] )
INFO: [Synth 8-3333] propagating constant 0 across sequential element (imi_0/\I_STORAGE_reg[0][2] )
INFO: [Synth 8-3333] propagating constant 0 across sequential element (imi_0/\I_STORAGE_reg[194][2] )
INFO: [Synth 8-3333] propagating constant 0 across sequential element (imi_0/\I_STORAGE_reg[193][2] )
INFO: [Synth 8-3333] propagating constant 0 across sequential element (imi_0/\I_STORAGE_reg[192][2] )
INFO: [Synth 8-3333] propagating constant 0 across sequential element (imi_0/\I_STORAGE_reg[154][2] )
INFO: [Synth 8-3333] propagating constant 0 across sequential element (imi_0/\I_STORAGE_reg[139][2] )
INFO: [Synth 8-3333] propagating constant 0 across sequential element (imi_0/\I_STORAGE_reg[6][2] )
INFO: [Synth 8-3333] propagating constant 0 across sequential element (imi_0/\I_STORAGE_reg[2][3] )
INFO: [Synth 8-3333] propagating constant 0 across sequential element (imi_0/\I_STORAGE_reg[1][3] )
INFO: [Synth 8-3333] propagating constant 0 across sequential element (imi_0/\I_STORAGE_reg[194][3] )
INFO: [Synth 8-3333] propagating constant 0 across sequential element (imi_0/\I_STORAGE_reg[193][3] )
INFO: [Synth 8-3333] propagating constant 0 across sequential element (imi_0/\I_STORAGE_reg[192][3] )
INFO: [Synth 8-3333] propagating constant 0 across sequential element (imi_0/\I_STORAGE_reg[154][3] )
INFO: [Synth 8-3333] propagating constant 0 across sequential element (imi_0/\I_STORAGE_reg[139][3] )
INFO: [Synth 8-3333] propagating constant 0 across sequential element (imi_0/\I_STORAGE_reg[6][3] )
INFO: [Synth 8-3333] propagating constant 0 across sequential element (imi_0/\I_STORAGE_reg[2][4] )
INFO: [Synth 8-3333] propagating constant 0 across sequential element (imi_0/\I_STORAGE_reg[1][4] )
INFO: [Synth 8-3333] propagating constant 0 across sequential element (imi_0/\I_STORAGE_reg[0][4] )
INFO: [Synth 8-3333] propagating constant 0 across sequential element (imi_0/\I_STORAGE_reg[194][4] )
INFO: [Synth 8-3333] propagating constant 0 across sequential element (imi_0/\I_STORAGE_reg[193][4] )
INFO: [Synth 8-3333] propagating constant 0 across sequential element (imi_0/\I_STORAGE_reg[192][4] )
INFO: [Synth 8-3333] propagating constant 0 across sequential element (imi_0/\I_STORAGE_reg[154][4] )
INFO: [Synth 8-3333] propagating constant 0 across sequential element (imi_0/\I_STORAGE_reg[139][4] )
INFO: [Synth 8-3333] propagating constant 0 across sequential element (imi_0/\I_STORAGE_reg[46][4] )
INFO: [Synth 8-3333] propagating constant 0 across sequential element (imi_0/\I_STORAGE_reg[42][4] )
INFO: [Synth 8-3333] propagating constant 0 across sequential element (imi_0/\I_STORAGE_reg[6][4] )
INFO: [Synth 8-3333] propagating constant 0 across sequential element (imi_0/\I_STORAGE_reg[2][5] )
INFO: [Synth 8-3333] propagating constant 0 across sequential element (imi_0/\I_STORAGE_reg[1][5] )
INFO: [Synth 8-3333] propagating constant 0 across sequential element (imi_0/\I_STORAGE_reg[0][5] )
INFO: [Synth 8-3333] propagating constant 0 across sequential element (imi_0/\I_STORAGE_reg[194][5] )
INFO: [Synth 8-3333] propagating constant 0 across sequential element (imi_0/\I_STORAGE_reg[193][5] )
INFO: [Synth 8-3333] propagating constant 0 across sequential element (imi_0/\I_STORAGE_reg[192][5] )
INFO: [Synth 8-3333] propagating constant 0 across sequential element (imi_0/\I_STORAGE_reg[154][5] )
INFO: [Synth 8-3333] propagating constant 0 across sequential element (imi_0/\I_STORAGE_reg[139][5] )
INFO: [Synth 8-3333] propagating constant 0 across sequential element (imi_0/\I_STORAGE_reg[38][5] )
INFO: [Synth 8-3333] propagating constant 0 across sequential element (imi_0/\I_STORAGE_reg[6][5] )
INFO: [Synth 8-3333] propagating constant 0 across sequential element (imi_0/\I_STORAGE_reg[2][6] )
INFO: [Synth 8-3333] propagating constant 0 across sequential element (imi_0/\I_STORAGE_reg[1][6] )
INFO: [Synth 8-3333] propagating constant 0 across sequential element (imi_0/\I_STORAGE_reg[0][6] )
INFO: [Synth 8-3333] propagating constant 0 across sequential element (imi_0/\I_STORAGE_reg[194][6] )
INFO: [Synth 8-3333] propagating constant 0 across sequential element (imi_0/\I_STORAGE_reg[193][6] )
INFO: [Synth 8-3333] propagating constant 0 across sequential element (imi_0/\I_STORAGE_reg[192][6] )
INFO: [Synth 8-3333] propagating constant 0 across sequential element (imi_0/\I_STORAGE_reg[154][6] )
INFO: [Synth 8-3333] propagating constant 0 across sequential element (imi_0/\I_STORAGE_reg[139][6] )
INFO: [Synth 8-3333] propagating constant 0 across sequential element (imi_0/\I_STORAGE_reg[78][6] )
INFO: [Synth 8-3333] propagating constant 0 across sequential element (imi_0/\I_STORAGE_reg[22][6] )
INFO: [Synth 8-3333] propagating constant 0 across sequential element (imi_0/\I_STORAGE_reg[18][6] )
INFO: [Synth 8-3333] propagating constant 0 across sequential element (imi_0/\I_STORAGE_reg[6][6] )
INFO: [Synth 8-3333] propagating constant 0 across sequential element (imi_0/\I_STORAGE_reg[2][7] )
INFO: [Synth 8-3333] propagating constant 0 across sequential element (imi_0/\I_STORAGE_reg[1][7] )
INFO: [Synth 8-3333] propagating constant 0 across sequential element (imi_0/\I_STORAGE_reg[0][7] )
INFO: [Synth 8-3333] propagating constant 0 across sequential element (imi_0/\I_STORAGE_reg[255][7] )
INFO: [Synth 8-3333] propagating constant 0 across sequential element (imi_0/\I_STORAGE_reg[254][7] )
INFO: [Synth 8-3333] propagating constant 0 across sequential element (imi_0/\I_STORAGE_reg[253][7] )
INFO: [Synth 8-3333] propagating constant 0 across sequential element (imi_0/\I_STORAGE_reg[252][7] )
INFO: [Synth 8-3333] propagating constant 0 across sequential element (imi_0/\I_STORAGE_reg[251][7] )
INFO: [Synth 8-3333] propagating constant 0 across sequential element (imi_0/\I_STORAGE_reg[250][7] )
INFO: [Synth 8-3333] propagating constant 0 across sequential element (imi_0/\I_STORAGE_reg[249][7] )
INFO: [Synth 8-3333] propagating constant 0 across sequential element (imi_0/\I_STORAGE_reg[248][7] )
INFO: [Synth 8-3333] propagating constant 0 across sequential element (imi_0/\I_STORAGE_reg[247][7] )
INFO: [Synth 8-3333] propagating constant 0 across sequential element (imi_0/\I_STORAGE_reg[246][7] )
INFO: [Synth 8-3333] propagating constant 0 across sequential element (imi_0/\I_STORAGE_reg[245][7] )
INFO: [Synth 8-3333] propagating constant 0 across sequential element (imi_0/\I_STORAGE_reg[244][7] )
INFO: [Synth 8-3333] propagating constant 0 across sequential element (imi_0/\I_STORAGE_reg[243][7] )
INFO: [Synth 8-3333] propagating constant 0 across sequential element (imi_0/\I_STORAGE_reg[242][7] )
INFO: [Synth 8-3333] propagating constant 0 across sequential element (imi_0/\I_STORAGE_reg[241][7] )
INFO: [Synth 8-3333] propagating constant 0 across sequential element (imi_0/\I_STORAGE_reg[240][7] )
INFO: [Synth 8-3333] propagating constant 0 across sequential element (imi_0/\I_STORAGE_reg[239][7] )
INFO: [Synth 8-3333] propagating constant 0 across sequential element (imi_0/\I_STORAGE_reg[238][7] )
INFO: [Synth 8-3333] propagating constant 0 across sequential element (imi_0/\I_STORAGE_reg[237][7] )
INFO: [Synth 8-3333] propagating constant 0 across sequential element (imi_0/\I_STORAGE_reg[236][7] )
INFO: [Synth 8-3333] propagating constant 0 across sequential element (imi_0/\I_STORAGE_reg[235][7] )
INFO: [Synth 8-3333] propagating constant 0 across sequential element (imi_0/\I_STORAGE_reg[234][7] )
INFO: [Synth 8-3333] propagating constant 0 across sequential element (imi_0/\I_STORAGE_reg[233][7] )
INFO: [Synth 8-3333] propagating constant 0 across sequential element (imi_0/\I_STORAGE_reg[232][7] )
INFO: [Synth 8-3333] propagating constant 0 across sequential element (imi_0/\I_STORAGE_reg[231][7] )
INFO: [Synth 8-3333] propagating constant 0 across sequential element (imi_0/\I_STORAGE_reg[230][7] )
INFO: [Synth 8-3333] propagating constant 0 across sequential element (imi_0/\I_STORAGE_reg[229][7] )
INFO: [Common 17-14] Message 'Synth 8-3333' appears 100 times and further instances of the messages will be disabled. Use the Tcl command set_msg_config to change the current settings.
---------------------------------------------------------------------------------
Finished Timing Optimization : Time (s): cpu = 00:01:17 ; elapsed = 00:02:15 . Memory (MB): peak = 827.539 ; gain = 584.504
---------------------------------------------------------------------------------
---------------------------------------------------------------------------------
Start ROM, RAM, DSP and Shift Register Reporting
---------------------------------------------------------------------------------

Distributed RAM: Final Mapping  Report
+------------+----------------+-----------+----------------------+------------------+
|Module Name | RTL Object     | Inference | Size (Depth x Width) | Primitives       | 
+------------+----------------+-----------+----------------------+------------------+
|CPU__GC0    | dm/MEMORYs_reg | Implied   | 256 x 32             | RAM256X1S x 32   | 
+------------+----------------+-----------+----------------------+------------------+

---------------------------------------------------------------------------------
Finished ROM, RAM, DSP and Shift Register Reporting
---------------------------------------------------------------------------------

Report RTL Partitions: 
+------+--------------+------------+----------+
|      |RTL Partition |Replication |Instances |
+------+--------------+------------+----------+
|1     |IM__GB0       |           1|       714|
|2     |CPU__GC0      |           1|      6309|
+------+--------------+------------+----------+
---------------------------------------------------------------------------------
Start Technology Mapping
---------------------------------------------------------------------------------
---------------------------------------------------------------------------------
Finished Technology Mapping : Time (s): cpu = 00:01:18 ; elapsed = 00:02:16 . Memory (MB): peak = 849.723 ; gain = 606.688
---------------------------------------------------------------------------------

Report RTL Partitions: 
+-+--------------+------------+----------+
| |RTL Partition |Replication |Instances |
+-+--------------+------------+----------+
+-+--------------+------------+----------+
---------------------------------------------------------------------------------
Start IO Insertion
---------------------------------------------------------------------------------
---------------------------------------------------------------------------------
Start Flattening Before IO Insertion
---------------------------------------------------------------------------------
---------------------------------------------------------------------------------
Finished Flattening Before IO Insertion
---------------------------------------------------------------------------------
---------------------------------------------------------------------------------
Start Final Netlist Cleanup
---------------------------------------------------------------------------------
---------------------------------------------------------------------------------
Finished Final Netlist Cleanup
---------------------------------------------------------------------------------
---------------------------------------------------------------------------------
Finished IO Insertion : Time (s): cpu = 00:01:19 ; elapsed = 00:02:16 . Memory (MB): peak = 849.723 ; gain = 606.688
---------------------------------------------------------------------------------

Report Check Netlist: 
+------+------------------+-------+---------+-------+------------------+
|      |Item              |Errors |Warnings |Status |Description       |
+------+------------------+-------+---------+-------+------------------+
|1     |multi_driven_nets |      0|        0|Passed |Multi driven nets |
+------+------------------+-------+---------+-------+------------------+
---------------------------------------------------------------------------------
Start Renaming Generated Instances
---------------------------------------------------------------------------------
---------------------------------------------------------------------------------
Finished Renaming Generated Instances : Time (s): cpu = 00:01:19 ; elapsed = 00:02:16 . Memory (MB): peak = 849.723 ; gain = 606.688
---------------------------------------------------------------------------------

Report RTL Partitions: 
+-+--------------+------------+----------+
| |RTL Partition |Replication |Instances |
+-+--------------+------------+----------+
+-+--------------+------------+----------+
---------------------------------------------------------------------------------
Start Rebuilding User Hierarchy
---------------------------------------------------------------------------------
---------------------------------------------------------------------------------
Finished Rebuilding User Hierarchy : Time (s): cpu = 00:01:19 ; elapsed = 00:02:16 . Memory (MB): peak = 849.723 ; gain = 606.688
---------------------------------------------------------------------------------
---------------------------------------------------------------------------------
Start Renaming Generated Ports
---------------------------------------------------------------------------------
---------------------------------------------------------------------------------
Finished Renaming Generated Ports : Time (s): cpu = 00:01:19 ; elapsed = 00:02:16 . Memory (MB): peak = 849.723 ; gain = 606.688
---------------------------------------------------------------------------------
---------------------------------------------------------------------------------
Start Handling Custom Attributes
---------------------------------------------------------------------------------
---------------------------------------------------------------------------------
Finished Handling Custom Attributes : Time (s): cpu = 00:01:19 ; elapsed = 00:02:16 . Memory (MB): peak = 849.723 ; gain = 606.688
---------------------------------------------------------------------------------
---------------------------------------------------------------------------------
Start Renaming Generated Nets
---------------------------------------------------------------------------------
---------------------------------------------------------------------------------
Finished Renaming Generated Nets : Time (s): cpu = 00:01:19 ; elapsed = 00:02:16 . Memory (MB): peak = 849.723 ; gain = 606.688
---------------------------------------------------------------------------------
---------------------------------------------------------------------------------
Start Writing Synthesis Report
---------------------------------------------------------------------------------

Report BlackBoxes: 
+-+--------------+----------+
| |BlackBox name |Instances |
+-+--------------+----------+
+-+--------------+----------+

Report Cell Usage: 
+------+----------+------+
|      |Cell      |Count |
+------+----------+------+
|1     |BUFG      |     3|
|2     |CARRY4    |    36|
|3     |LUT1      |     2|
|4     |LUT2      |   114|
|5     |LUT3      |   131|
|6     |LUT4      |   276|
|7     |LUT5      |   133|
|8     |LUT6      |   969|
|9     |MUXF7     |   263|
|10    |MUXF8     |    48|
|11    |RAM256X1S |    32|
|12    |FDRE      |  1067|
|13    |LD        |    46|
|14    |IBUF      |     5|
|15    |OBUF      |    12|
+------+----------+------+

Report Instance Areas: 
+------+-------------------+----------+------+
|      |Instance           |Module    |Cells |
+------+-------------------+----------+------+
|1     |top                |          |  3137|
|2     |  alu              |ALU       |   153|
|3     |  clk_div          |CLOCK_DIV |    52|
|4     |  ctrl_unit        |CU        |    87|
|5     |  dm               |DM        |    64|
|6     |  pc               |PC        |   675|
|7     |  pc4_adder        |adder     |     5|
|8     |  pc4_offset_adder |adder_0   |     2|
|9     |  rf               |RF        |  2071|
+------+-------------------+----------+------+
---------------------------------------------------------------------------------
Finished Writing Synthesis Report : Time (s): cpu = 00:01:19 ; elapsed = 00:02:16 . Memory (MB): peak = 849.723 ; gain = 606.688
---------------------------------------------------------------------------------
Synthesis finished with 0 errors, 0 critical warnings and 271 warnings.
Synthesis Optimization Runtime : Time (s): cpu = 00:01:10 ; elapsed = 00:02:11 . Memory (MB): peak = 849.723 ; gain = 269.512
Synthesis Optimization Complete : Time (s): cpu = 00:01:19 ; elapsed = 00:02:17 . Memory (MB): peak = 849.723 ; gain = 606.688
INFO: [Project 1-571] Translating synthesized netlist
INFO: [Netlist 29-17] Analyzing 430 Unisim elements for replacement
INFO: [Netlist 29-28] Unisim Transformation completed in 0 CPU seconds
INFO: [Project 1-570] Preparing netlist for logic optimization
INFO: [Opt 31-138] Pushed 0 inverter(s) to 0 load pin(s).
INFO: [Project 1-111] Unisim Transformation Summary:
  A total of 78 instances were transformed.
  LD => LDCE: 46 instances
  RAM256X1S => RAM256X1S (MUXF7, MUXF7, MUXF8, RAMS64E, RAMS64E, RAMS64E, RAMS64E): 32 instances

INFO: [Common 17-83] Releasing license: Synthesis
270 Infos, 133 Warnings, 0 Critical Warnings and 0 Errors encountered.
synth_design completed successfully
synth_design: Time (s): cpu = 00:01:20 ; elapsed = 00:02:21 . Memory (MB): peak = 849.723 ; gain = 619.652
INFO: [Common 17-1381] The checkpoint 'E:/private/vivado_works/single_period_CPU/single_period_CPU.runs/synth_1/CPU.dcp' has been generated.
INFO: [runtcl-4] Executing : report_utilization -file CPU_utilization_synth.rpt -pb CPU_utilization_synth.pb
report_utilization: Time (s): cpu = 00:00:00 ; elapsed = 00:00:00.022 . Memory (MB): peak = 849.723 ; gain = 0.000
INFO: [Common 17-206] Exiting Vivado at Wed Dec  4 19:38:36 2024...
