#-----------------------------------------------------------
# Vivado v2017.4 (64-bit)
# SW Build 2086221 on Fri Dec 15 20:55:39 MST 2017
# IP Build 2085800 on Fri Dec 15 22:25:07 MST 2017
# Start of session at: Mon Dec  2 02:39:49 2024
# Process ID: 31476
# Current directory: E:/private/vivado_works/single_period_CPU
# Command line: vivado.exe -gui_launcher_event rodinguilauncherevent23864 E:\private\vivado_works\single_period_CPU\single_period_CPU.xpr
# Log file: E:/private/vivado_works/single_period_CPU/vivado.log
# Journal file: E:/private/vivado_works/single_period_CPU\vivado.jou
#-----------------------------------------------------------
start_gui
open_project E:/private/vivado_works/single_period_CPU/single_period_CPU.xpr
Scanning sources...
Finished scanning sources
INFO: [IP_Flow 19-234] Refreshing IP repositories
INFO: [IP_Flow 19-1704] No user IP repositories specified
INFO: [IP_Flow 19-2313] Loaded Vivado IP repository 'E:/Vivado_2017.4/Vivado/2017.4/data/ip'.
update_compile_order -fileset sources_1
exit
INFO: [Common 17-206] Exiting Vivado at Mon Dec  2 02:40:41 2024...
